18668 - 2024-04-07 00:00:28 - Subscriber_logmode.py - 46 - INFO: - ????????2024-04-08
3600 - 2024-04-07 00:00:28 - Subscriber_logmode.py - 46 - INFO: - ????????2024-04-08
18668 - 2024-04-07 00:00:28 - Subscriber_logmode.py - 46 - INFO: - ????????2024-04-08
15384 - 2024-04-07 00:00:28 - Subscriber_logmode.py - 46 - INFO: - ????????2024-04-08
3600 - 2024-04-07 00:00:28 - Subscriber_logmode.py - 46 - INFO: - ????????2024-04-08
18668 - 2024-04-07 00:00:28 - Subscriber_logmode.py - 46 - INFO: - ????????2024-04-08
15384 - 2024-04-07 00:00:28 - Subscriber_logmode.py - 46 - INFO: - ????????2024-04-08
3600 - 2024-04-07 00:00:28 - Subscriber_logmode.py - 46 - INFO: - ????????2024-04-08
15384 - 2024-04-07 00:00:28 - Subscriber_logmode.py - 46 - INFO: - ????????2024-04-08
3600 - 2024-04-07 00:00:28 - Subscriber_logmode.py - 52 - INFO: - ????????????????????????.....
3600 - 2024-04-07 00:00:28 - Subscriber_logmode.py - 52 - INFO: - ????????????????????????.....
3600 - 2024-04-07 00:00:28 - Subscriber_logmode.py - 52 - INFO: - ????????????????????????.....
3600 - 2024-04-07 00:00:28 - Subscriber_logmode.py - 46 - INFO: - ????????2024-04-08
3600 - 2024-04-07 00:00:28 - Subscriber_logmode.py - 46 - INFO: - ????????2024-04-08
3600 - 2024-04-07 00:00:28 - Subscriber_logmode.py - 46 - INFO: - ????????2024-04-08
15384 - 2024-04-07 00:00:28 - Subscriber_logmode.py - 52 - INFO: - ????????????????????????.....
15384 - 2024-04-07 00:00:28 - Subscriber_logmode.py - 52 - INFO: - ????????????????????????.....
15384 - 2024-04-07 00:00:28 - Subscriber_logmode.py - 52 - INFO: - ????????????????????????.....
15384 - 2024-04-07 00:00:28 - Subscriber_logmode.py - 46 - INFO: - ????????2024-04-08
15384 - 2024-04-07 00:00:28 - Subscriber_logmode.py - 46 - INFO: - ????????2024-04-08
15384 - 2024-04-07 00:00:28 - Subscriber_logmode.py - 46 - INFO: - ????????2024-04-08
18668 - 2024-04-07 00:00:28 - Subscriber_logmode.py - 52 - INFO: - ????????????????????????.....
18668 - 2024-04-07 00:00:28 - Subscriber_logmode.py - 52 - INFO: - ????????????????????????.....
18668 - 2024-04-07 00:00:28 - Subscriber_logmode.py - 52 - INFO: - ????????????????????????.....
18668 - 2024-04-07 00:00:28 - Subscriber_logmode.py - 46 - INFO: - ????????2024-04-08
18668 - 2024-04-07 00:00:28 - Subscriber_logmode.py - 46 - INFO: - ????????2024-04-08
18668 - 2024-04-07 00:00:28 - Subscriber_logmode.py - 46 - INFO: - ????????2024-04-08
3600 - 2024-04-07 00:00:29 - Subscriber_logmode.py - 52 - INFO: - ????????????????????????.....
3600 - 2024-04-07 00:00:29 - Subscriber_logmode.py - 52 - INFO: - ????????????????????????.....
3600 - 2024-04-07 00:00:29 - Subscriber_logmode.py - 52 - INFO: - ????????????????????????.....
3600 - 2024-04-07 00:00:29 - Subscriber_logmode.py - 46 - INFO: - ????????2024-04-08
3600 - 2024-04-07 00:00:29 - Subscriber_logmode.py - 46 - INFO: - ????????2024-04-08
3600 - 2024-04-07 00:00:29 - Subscriber_logmode.py - 46 - INFO: - ????????2024-04-08
18668 - 2024-04-07 00:00:29 - Subscriber_logmode.py - 52 - INFO: - ????????????????????????.....
18668 - 2024-04-07 00:00:29 - Subscriber_logmode.py - 52 - INFO: - ????????????????????????.....
18668 - 2024-04-07 00:00:29 - Subscriber_logmode.py - 52 - INFO: - ????????????????????????.....
18668 - 2024-04-07 00:00:29 - Subscriber_logmode.py - 46 - INFO: - ????????2024-04-08
18668 - 2024-04-07 00:00:29 - Subscriber_logmode.py - 46 - INFO: - ????????2024-04-08
18668 - 2024-04-07 00:00:29 - Subscriber_logmode.py - 46 - INFO: - ????????2024-04-08
15384 - 2024-04-07 00:00:29 - Subscriber_logmode.py - 52 - INFO: - ????????????????????????.....
15384 - 2024-04-07 00:00:29 - Subscriber_logmode.py - 52 - INFO: - ????????????????????????.....
15384 - 2024-04-07 00:00:29 - Subscriber_logmode.py - 52 - INFO: - ????????????????????????.....
15384 - 2024-04-07 00:00:29 - Subscriber_logmode.py - 46 - INFO: - ????????2024-04-08
15384 - 2024-04-07 00:00:29 - Subscriber_logmode.py - 46 - INFO: - ????????2024-04-08
15384 - 2024-04-07 00:00:29 - Subscriber_logmode.py - 46 - INFO: - ????????2024-04-08
18668 - 2024-04-07 00:00:29 - Subscriber_logmode.py - 52 - INFO: - ????????????????????????.....
18668 - 2024-04-07 00:00:29 - Subscriber_logmode.py - 52 - INFO: - ????????????????????????.....
18668 - 2024-04-07 00:00:29 - Subscriber_logmode.py - 52 - INFO: - ????????????????????????.....
18668 - 2024-04-07 00:00:29 - Subscriber_logmode.py - 46 - INFO: - ????????2024-04-08
18668 - 2024-04-07 00:00:29 - Subscriber_logmode.py - 46 - INFO: - ????????2024-04-08
18668 - 2024-04-07 00:00:29 - Subscriber_logmode.py - 46 - INFO: - ????????2024-04-08
3600 - 2024-04-07 00:00:29 - Subscriber_logmode.py - 52 - INFO: - ????????????????????????.....
3600 - 2024-04-07 00:00:29 - Subscriber_logmode.py - 52 - INFO: - ????????????????????????.....
3600 - 2024-04-07 00:00:29 - Subscriber_logmode.py - 52 - INFO: - ????????????????????????.....
3600 - 2024-04-07 00:00:29 - Subscriber_logmode.py - 46 - INFO: - ????????2024-04-08
3600 - 2024-04-07 00:00:29 - Subscriber_logmode.py - 46 - INFO: - ????????2024-04-08
3600 - 2024-04-07 00:00:29 - Subscriber_logmode.py - 46 - INFO: - ????????2024-04-08
15384 - 2024-04-07 00:00:29 - Subscriber_logmode.py - 52 - INFO: - ????????????????????????.....
15384 - 2024-04-07 00:00:29 - Subscriber_logmode.py - 52 - INFO: - ????????????????????????.....
15384 - 2024-04-07 00:00:29 - Subscriber_logmode.py - 52 - INFO: - ????????????????????????.....
15384 - 2024-04-07 00:00:29 - Subscriber_logmode.py - 46 - INFO: - ????????2024-04-08
15384 - 2024-04-07 00:00:29 - Subscriber_logmode.py - 46 - INFO: - ????????2024-04-08
15384 - 2024-04-07 00:00:29 - Subscriber_logmode.py - 46 - INFO: - ????????2024-04-08
18668 - 2024-04-07 00:00:30 - Subscriber_logmode.py - 50 - INFO: - ?????????????
18668 - 2024-04-07 00:00:30 - Subscriber_logmode.py - 50 - INFO: - ?????????????
18668 - 2024-04-07 00:00:30 - Subscriber_logmode.py - 50 - INFO: - ?????????????
18668 - 2024-04-07 00:00:30 - Subscriber_logmode.py - 69 - INFO: - ?????[[2979330, 391367, '????2', 19], [2979331, 391367, '????3', 19], [2979332, 391367, '????4', 19]]
18668 - 2024-04-07 00:00:30 - Subscriber_logmode.py - 69 - INFO: - ?????[[2979330, 391367, '????2', 19], [2979331, 391367, '????3', 19], [2979332, 391367, '????4', 19]]
18668 - 2024-04-07 00:00:30 - Subscriber_logmode.py - 69 - INFO: - ?????[[2979330, 391367, '????2', 19], [2979331, 391367, '????3', 19], [2979332, 391367, '????4', 19]]
15384 - 2024-04-07 00:00:30 - Subscriber_logmode.py - 50 - INFO: - ?????????????
15384 - 2024-04-07 00:00:30 - Subscriber_logmode.py - 50 - INFO: - ?????????????
15384 - 2024-04-07 00:00:30 - Subscriber_logmode.py - 50 - INFO: - ?????????????
15384 - 2024-04-07 00:00:30 - Subscriber_logmode.py - 69 - INFO: - ?????[[2979361, 391369, '????7', 21], [2979360, 391369, '????6', 21]]
15384 - 2024-04-07 00:00:30 - Subscriber_logmode.py - 69 - INFO: - ?????[[2979361, 391369, '????7', 21], [2979360, 391369, '????6', 21]]
15384 - 2024-04-07 00:00:30 - Subscriber_logmode.py - 69 - INFO: - ?????[[2979361, 391369, '????7', 21], [2979360, 391369, '????6', 21]]
3600 - 2024-04-07 00:00:30 - Subscriber_logmode.py - 50 - INFO: - ?????????????
3600 - 2024-04-07 00:00:30 - Subscriber_logmode.py - 50 - INFO: - ?????????????
3600 - 2024-04-07 00:00:30 - Subscriber_logmode.py - 50 - INFO: - ?????????????
3600 - 2024-04-07 00:00:30 - Subscriber_logmode.py - 69 - INFO: - ?????[[2979350, 391368, '????9', 20], [2979349, 391368, '????8', 20], [2979346, 391368, '????5', 20]]
3600 - 2024-04-07 00:00:30 - Subscriber_logmode.py - 69 - INFO: - ?????[[2979350, 391368, '????9', 20], [2979349, 391368, '????8', 20], [2979346, 391368, '????5', 20]]
3600 - 2024-04-07 00:00:30 - Subscriber_logmode.py - 69 - INFO: - ?????[[2979350, 391368, '????9', 20], [2979349, 391368, '????8', 20], [2979346, 391368, '????5', 20]]
15384 - 2024-04-07 00:00:31 - Subscriber_logmode.py - 83 - INFO: - {"backObject":null,"message":"???????????????????","object":null,"reason":null,"result":"0"}
15384 - 2024-04-07 00:00:31 - Subscriber_logmode.py - 83 - INFO: - {"backObject":null,"message":"???????????????????","object":null,"reason":null,"result":"0"}
15384 - 2024-04-07 00:00:31 - Subscriber_logmode.py - 83 - INFO: - {"backObject":null,"message":"???????????????????","object":null,"reason":null,"result":"0"}
18668 - 2024-04-07 00:00:32 - Subscriber_logmode.py - 83 - INFO: - {"backObject":null,"message":"???????????????????","object":null,"reason":null,"result":"0"}
18668 - 2024-04-07 00:00:32 - Subscriber_logmode.py - 83 - INFO: - {"backObject":null,"message":"???????????????????","object":null,"reason":null,"result":"0"}
18668 - 2024-04-07 00:00:32 - Subscriber_logmode.py - 83 - INFO: - {"backObject":null,"message":"???????????????????","object":null,"reason":null,"result":"0"}
15384 - 2024-04-07 00:00:34 - Subscriber_logmode.py - 83 - INFO: - {"backObject":null,"message":"???????????????????","object":null,"reason":null,"result":"0"}
15384 - 2024-04-07 00:00:34 - Subscriber_logmode.py - 83 - INFO: - {"backObject":null,"message":"???????????????????","object":null,"reason":null,"result":"0"}
15384 - 2024-04-07 00:00:34 - Subscriber_logmode.py - 83 - INFO: - {"backObject":null,"message":"???????????????????","object":null,"reason":null,"result":"0"}
18668 - 2024-04-07 00:00:34 - Subscriber_logmode.py - 83 - INFO: - {"backObject":null,"message":"???????????????????","object":null,"reason":null,"result":"0"}
18668 - 2024-04-07 00:00:34 - Subscriber_logmode.py - 83 - INFO: - {"backObject":null,"message":"???????????????????","object":null,"reason":null,"result":"0"}
18668 - 2024-04-07 00:00:34 - Subscriber_logmode.py - 83 - INFO: - {"backObject":null,"message":"???????????????????","object":null,"reason":null,"result":"0"}
18668 - 2024-04-07 00:00:35 - Subscriber_logmode.py - 83 - INFO: - {"backObject":null,"message":"???????????????????","object":null,"reason":null,"result":"0"}
18668 - 2024-04-07 00:00:35 - Subscriber_logmode.py - 83 - INFO: - {"backObject":null,"message":"???????????????????","object":null,"reason":null,"result":"0"}
18668 - 2024-04-07 00:00:35 - Subscriber_logmode.py - 83 - INFO: - {"backObject":null,"message":"???????????????????","object":null,"reason":null,"result":"0"}
3600 - 2024-04-07 00:00:42 - Subscriber_logmode.py - 78 - INFO: - ????9???20????????
3600 - 2024-04-07 00:00:42 - Subscriber_logmode.py - 78 - INFO: - ????9???20????????
3600 - 2024-04-07 00:00:42 - Subscriber_logmode.py - 78 - INFO: - ????9???20????????
3600 - 2024-04-07 00:00:47 - Subscriber_logmode.py - 83 - INFO: - {"backObject":null,"message":"????????????????","object":null,"reason":"000017910419","result":"0"}
3600 - 2024-04-07 00:00:47 - Subscriber_logmode.py - 83 - INFO: - {"backObject":null,"message":"????????????????","object":null,"reason":"000017910419","result":"0"}
3600 - 2024-04-07 00:00:47 - Subscriber_logmode.py - 83 - INFO: - {"backObject":null,"message":"????????????????","object":null,"reason":"000017910419","result":"0"}
3600 - 2024-04-07 00:00:50 - Subscriber_logmode.py - 83 - INFO: - {"backObject":null,"message":"????????????????","object":null,"reason":"000017910419","result":"0"}
3600 - 2024-04-07 00:00:50 - Subscriber_logmode.py - 83 - INFO: - {"backObject":null,"message":"????????????????","object":null,"reason":"000017910419","result":"0"}
3600 - 2024-04-07 00:00:50 - Subscriber_logmode.py - 83 - INFO: - {"backObject":null,"message":"????????????????","object":null,"reason":"000017910419","result":"0"}
25064 - 2024-04-07 00:01:01 - Subscriber_logmode.py - 46 - INFO: - ????????2024-04-08
33860 - 2024-04-07 00:01:01 - Subscriber_logmode.py - 46 - INFO: - ????????2024-04-08
34628 - 2024-04-07 00:01:01 - Subscriber_logmode.py - 46 - INFO: - ????????2024-04-08
33860 - 2024-04-07 00:01:01 - Subscriber_logmode.py - 46 - INFO: - ????????2024-04-08
34628 - 2024-04-07 00:01:01 - Subscriber_logmode.py - 46 - INFO: - ????????2024-04-08
33860 - 2024-04-07 00:01:01 - Subscriber_logmode.py - 46 - INFO: - ????????2024-04-08
34628 - 2024-04-07 00:01:01 - Subscriber_logmode.py - 46 - INFO: - ????????2024-04-08
34628 - 2024-04-07 00:01:03 - Subscriber_logmode.py - 50 - INFO: - ?????????????
34628 - 2024-04-07 00:01:03 - Subscriber_logmode.py - 50 - INFO: - ?????????????
34628 - 2024-04-07 00:01:03 - Subscriber_logmode.py - 50 - INFO: - ?????????????
34628 - 2024-04-07 00:01:03 - Subscriber_logmode.py - 69 - INFO: - ?????[[2979361, 391369, '????7', 21], [2979360, 391369, '????6', 21]]
34628 - 2024-04-07 00:01:03 - Subscriber_logmode.py - 69 - INFO: - ?????[[2979361, 391369, '????7', 21], [2979360, 391369, '????6', 21]]
34628 - 2024-04-07 00:01:03 - Subscriber_logmode.py - 69 - INFO: - ?????[[2979361, 391369, '????7', 21], [2979360, 391369, '????6', 21]]
25064 - 2024-04-07 00:01:03 - Subscriber_logmode.py - 50 - INFO: - ?????????????
25064 - 2024-04-07 00:01:03 - Subscriber_logmode.py - 50 - INFO: - ?????????????
25064 - 2024-04-07 00:01:03 - Subscriber_logmode.py - 50 - INFO: - ?????????????
25064 - 2024-04-07 00:01:03 - Subscriber_logmode.py - 69 - INFO: - ?????[[2979330, 391367, '????2', 19], [2979331, 391367, '????3', 19], [2979332, 391367, '????4', 19]]
25064 - 2024-04-07 00:01:03 - Subscriber_logmode.py - 69 - INFO: - ?????[[2979330, 391367, '????2', 19], [2979331, 391367, '????3', 19], [2979332, 391367, '????4', 19]]
25064 - 2024-04-07 00:01:03 - Subscriber_logmode.py - 69 - INFO: - ?????[[2979330, 391367, '????2', 19], [2979331, 391367, '????3', 19], [2979332, 391367, '????4', 19]]
33860 - 2024-04-07 00:01:03 - Subscriber_logmode.py - 50 - INFO: - ?????????????
33860 - 2024-04-07 00:01:03 - Subscriber_logmode.py - 50 - INFO: - ?????????????
33860 - 2024-04-07 00:01:03 - Subscriber_logmode.py - 50 - INFO: - ?????????????
33860 - 2024-04-07 00:01:03 - Subscriber_logmode.py - 69 - INFO: - ?????[[2979350, 391368, '????9', 20], [2979349, 391368, '????8', 20], [2979346, 391368, '????5', 20]]
33860 - 2024-04-07 00:01:03 - Subscriber_logmode.py - 69 - INFO: - ?????[[2979350, 391368, '????9', 20], [2979349, 391368, '????8', 20], [2979346, 391368, '????5', 20]]
33860 - 2024-04-07 00:01:03 - Subscriber_logmode.py - 69 - INFO: - ?????[[2979350, 391368, '????9', 20], [2979349, 391368, '????8', 20], [2979346, 391368, '????5', 20]]
25064 - 2024-04-07 00:01:04 - Subscriber_logmode.py - 83 - INFO: - {"backObject":null,"message":"???????????????????","object":null,"reason":null,"result":"0"}
25064 - 2024-04-07 00:01:04 - Subscriber_logmode.py - 83 - INFO: - {"backObject":null,"message":"???????????????????","object":null,"reason":null,"result":"0"}
25064 - 2024-04-07 00:01:04 - Subscriber_logmode.py - 83 - INFO: - {"backObject":null,"message":"???????????????????","object":null,"reason":null,"result":"0"}
25064 - 2024-04-07 00:01:06 - Subscriber_logmode.py - 83 - INFO: - {"backObject":null,"message":"???????????????????","object":null,"reason":null,"result":"0"}
25064 - 2024-04-07 00:01:06 - Subscriber_logmode.py - 83 - INFO: - {"backObject":null,"message":"???????????????????","object":null,"reason":null,"result":"0"}
25064 - 2024-04-07 00:01:06 - Subscriber_logmode.py - 83 - INFO: - {"backObject":null,"message":"???????????????????","object":null,"reason":null,"result":"0"}
34628 - 2024-04-07 00:01:06 - Subscriber_logmode.py - 83 - INFO: - {"backObject":null,"message":"???????????????????","object":null,"reason":null,"result":"0"}
34628 - 2024-04-07 00:01:06 - Subscriber_logmode.py - 83 - INFO: - {"backObject":null,"message":"???????????????????","object":null,"reason":null,"result":"0"}
34628 - 2024-04-07 00:01:06 - Subscriber_logmode.py - 83 - INFO: - {"backObject":null,"message":"???????????????????","object":null,"reason":null,"result":"0"}
33860 - 2024-04-07 00:01:07 - Subscriber_logmode.py - 83 - INFO: - {"backObject":null,"message":"????????????????","object":null,"reason":"000017910419","result":"0"}
33860 - 2024-04-07 00:01:07 - Subscriber_logmode.py - 83 - INFO: - {"backObject":null,"message":"????????????????","object":null,"reason":"000017910419","result":"0"}
33860 - 2024-04-07 00:01:07 - Subscriber_logmode.py - 83 - INFO: - {"backObject":null,"message":"????????????????","object":null,"reason":"000017910419","result":"0"}
25064 - 2024-04-07 00:01:08 - Subscriber_logmode.py - 83 - INFO: - {"backObject":null,"message":"???????????????????","object":null,"reason":null,"result":"0"}
25064 - 2024-04-07 00:01:08 - Subscriber_logmode.py - 83 - INFO: - {"backObject":null,"message":"???????????????????","object":null,"reason":null,"result":"0"}
25064 - 2024-04-07 00:01:08 - Subscriber_logmode.py - 83 - INFO: - {"backObject":null,"message":"???????????????????","object":null,"reason":null,"result":"0"}
34628 - 2024-04-07 00:01:09 - Subscriber_logmode.py - 83 - INFO: - {"backObject":null,"message":"???????????????????","object":null,"reason":null,"result":"0"}
34628 - 2024-04-07 00:01:09 - Subscriber_logmode.py - 83 - INFO: - {"backObject":null,"message":"???????????????????","object":null,"reason":null,"result":"0"}
34628 - 2024-04-07 00:01:09 - Subscriber_logmode.py - 83 - INFO: - {"backObject":null,"message":"???????????????????","object":null,"reason":null,"result":"0"}
33860 - 2024-04-07 00:01:10 - Subscriber_logmode.py - 83 - INFO: - {"backObject":null,"message":"????????????????","object":null,"reason":"000017910419","result":"0"}
33860 - 2024-04-07 00:01:10 - Subscriber_logmode.py - 83 - INFO: - {"backObject":null,"message":"????????????????","object":null,"reason":"000017910419","result":"0"}
33860 - 2024-04-07 00:01:10 - Subscriber_logmode.py - 83 - INFO: - {"backObject":null,"message":"????????????????","object":null,"reason":"000017910419","result":"0"}
33860 - 2024-04-07 00:01:11 - Subscriber_logmode.py - 83 - INFO: - {"backObject":null,"message":"????????????????","object":null,"reason":"000017910419","result":"0"}
33860 - 2024-04-07 00:01:11 - Subscriber_logmode.py - 83 - INFO: - {"backObject":null,"message":"????????????????","object":null,"reason":"000017910419","result":"0"}
33860 - 2024-04-07 00:01:11 - Subscriber_logmode.py - 83 - INFO: - {"backObject":null,"message":"????????????????","object":null,"reason":"000017910419","result":"0"}
