15412 - 2024-04-02 00:24:03 - Subscriber_logmode.py - 46 - INFO: - 目标日期：2024-04-03
23864 - 2024-04-02 00:24:03 - Subscriber_logmode.py - 46 - INFO: - 目标日期：2024-04-03
15412 - 2024-04-02 00:24:03 - Subscriber_logmode.py - 46 - INFO: - 目标日期：2024-04-03
34236 - 2024-04-02 00:24:03 - Subscriber_logmode.py - 46 - INFO: - 目标日期：2024-04-03
32940 - 2024-04-02 00:24:03 - Subscriber_logmode.py - 46 - INFO: - 目标日期：2024-04-03
23864 - 2024-04-02 00:24:03 - Subscriber_logmode.py - 46 - INFO: - 目标日期：2024-04-03
15412 - 2024-04-02 00:24:03 - Subscriber_logmode.py - 46 - INFO: - 目标日期：2024-04-03
34236 - 2024-04-02 00:24:03 - Subscriber_logmode.py - 46 - INFO: - 目标日期：2024-04-03
32940 - 2024-04-02 00:24:03 - Subscriber_logmode.py - 46 - INFO: - 目标日期：2024-04-03
15412 - 2024-04-02 00:24:03 - Subscriber_logmode.py - 46 - INFO: - 目标日期：2024-04-03
23864 - 2024-04-02 00:24:03 - Subscriber_logmode.py - 46 - INFO: - 目标日期：2024-04-03
34236 - 2024-04-02 00:24:03 - Subscriber_logmode.py - 46 - INFO: - 目标日期：2024-04-03
23864 - 2024-04-02 00:24:03 - Subscriber_logmode.py - 46 - INFO: - 目标日期：2024-04-03
34236 - 2024-04-02 00:24:03 - Subscriber_logmode.py - 46 - INFO: - 目标日期：2024-04-03
32940 - 2024-04-02 00:24:03 - Subscriber_logmode.py - 46 - INFO: - 目标日期：2024-04-03
32940 - 2024-04-02 00:24:03 - Subscriber_logmode.py - 46 - INFO: - 目标日期：2024-04-03
23864 - 2024-04-02 00:24:04 - Subscriber_logmode.py - 50 - INFO: - 获取场地信息成功
23864 - 2024-04-02 00:24:04 - Subscriber_logmode.py - 50 - INFO: - 获取场地信息成功
23864 - 2024-04-02 00:24:04 - Subscriber_logmode.py - 50 - INFO: - 获取场地信息成功
23864 - 2024-04-02 00:24:04 - Subscriber_logmode.py - 50 - INFO: - 获取场地信息成功
23864 - 2024-04-02 00:24:04 - Subscriber_logmode.py - 69 - INFO: - 目标场地[[2978622, 391312, '场地9', 19], [2978621, 391312, '场地8', 19], [2978618, 391312, '场地5', 19]]
23864 - 2024-04-02 00:24:04 - Subscriber_logmode.py - 69 - INFO: - 目标场地[[2978622, 391312, '场地9', 19], [2978621, 391312, '场地8', 19], [2978618, 391312, '场地5', 19]]
23864 - 2024-04-02 00:24:04 - Subscriber_logmode.py - 69 - INFO: - 目标场地[[2978622, 391312, '场地9', 19], [2978621, 391312, '场地8', 19], [2978618, 391312, '场地5', 19]]
34236 - 2024-04-02 00:24:04 - Subscriber_logmode.py - 50 - INFO: - 获取场地信息成功
23864 - 2024-04-02 00:24:04 - Subscriber_logmode.py - 69 - INFO: - 目标场地[[2978622, 391312, '场地9', 19], [2978621, 391312, '场地8', 19], [2978618, 391312, '场地5', 19]]
34236 - 2024-04-02 00:24:04 - Subscriber_logmode.py - 50 - INFO: - 获取场地信息成功
34236 - 2024-04-02 00:24:04 - Subscriber_logmode.py - 50 - INFO: - 获取场地信息成功
34236 - 2024-04-02 00:24:04 - Subscriber_logmode.py - 50 - INFO: - 获取场地信息成功
34236 - 2024-04-02 00:24:04 - Subscriber_logmode.py - 69 - INFO: - 目标场地[[2978633, 391313, '场地7', 20], [2978632, 391313, '场地6', 20]]
34236 - 2024-04-02 00:24:04 - Subscriber_logmode.py - 69 - INFO: - 目标场地[[2978633, 391313, '场地7', 20], [2978632, 391313, '场地6', 20]]
34236 - 2024-04-02 00:24:04 - Subscriber_logmode.py - 69 - INFO: - 目标场地[[2978633, 391313, '场地7', 20], [2978632, 391313, '场地6', 20]]
34236 - 2024-04-02 00:24:04 - Subscriber_logmode.py - 69 - INFO: - 目标场地[[2978633, 391313, '场地7', 20], [2978632, 391313, '场地6', 20]]
15412 - 2024-04-02 00:24:04 - Subscriber_logmode.py - 50 - INFO: - 获取场地信息成功
15412 - 2024-04-02 00:24:04 - Subscriber_logmode.py - 50 - INFO: - 获取场地信息成功
32940 - 2024-04-02 00:24:04 - Subscriber_logmode.py - 50 - INFO: - 获取场地信息成功
15412 - 2024-04-02 00:24:04 - Subscriber_logmode.py - 50 - INFO: - 获取场地信息成功
32940 - 2024-04-02 00:24:04 - Subscriber_logmode.py - 50 - INFO: - 获取场地信息成功
15412 - 2024-04-02 00:24:04 - Subscriber_logmode.py - 50 - INFO: - 获取场地信息成功
32940 - 2024-04-02 00:24:04 - Subscriber_logmode.py - 50 - INFO: - 获取场地信息成功
32940 - 2024-04-02 00:24:04 - Subscriber_logmode.py - 50 - INFO: - 获取场地信息成功
15412 - 2024-04-02 00:24:04 - Subscriber_logmode.py - 69 - INFO: - 目标场地[[2978615, 391312, '场地2', 19], [2978628, 391313, '场地2', 20], [2978641, 391314, '场地2', 21], [2978616, 391312, '场地3', 19], [2978629, 391313, '场地3', 20], [2978642, 391314, '场地3', 21], [2978617, 391312, '场地4', 19], [2978630, 391313, '场地4', 20], [2978643, 391314, '场地4', 21]]
15412 - 2024-04-02 00:24:04 - Subscriber_logmode.py - 69 - INFO: - 目标场地[[2978615, 391312, '场地2', 19], [2978628, 391313, '场地2', 20], [2978641, 391314, '场地2', 21], [2978616, 391312, '场地3', 19], [2978629, 391313, '场地3', 20], [2978642, 391314, '场地3', 21], [2978617, 391312, '场地4', 19], [2978630, 391313, '场地4', 20], [2978643, 391314, '场地4', 21]]
32940 - 2024-04-02 00:24:04 - Subscriber_logmode.py - 69 - INFO: - 目标场地[[2978648, 391314, '场地9', 21], [2978647, 391314, '场地8', 21], [2978644, 391314, '场地5', 21]]
15412 - 2024-04-02 00:24:04 - Subscriber_logmode.py - 69 - INFO: - 目标场地[[2978615, 391312, '场地2', 19], [2978628, 391313, '场地2', 20], [2978641, 391314, '场地2', 21], [2978616, 391312, '场地3', 19], [2978629, 391313, '场地3', 20], [2978642, 391314, '场地3', 21], [2978617, 391312, '场地4', 19], [2978630, 391313, '场地4', 20], [2978643, 391314, '场地4', 21]]
15412 - 2024-04-02 00:24:04 - Subscriber_logmode.py - 69 - INFO: - 目标场地[[2978615, 391312, '场地2', 19], [2978628, 391313, '场地2', 20], [2978641, 391314, '场地2', 21], [2978616, 391312, '场地3', 19], [2978629, 391313, '场地3', 20], [2978642, 391314, '场地3', 21], [2978617, 391312, '场地4', 19], [2978630, 391313, '场地4', 20], [2978643, 391314, '场地4', 21]]
32940 - 2024-04-02 00:24:04 - Subscriber_logmode.py - 69 - INFO: - 目标场地[[2978648, 391314, '场地9', 21], [2978647, 391314, '场地8', 21], [2978644, 391314, '场地5', 21]]
32940 - 2024-04-02 00:24:04 - Subscriber_logmode.py - 69 - INFO: - 目标场地[[2978648, 391314, '场地9', 21], [2978647, 391314, '场地8', 21], [2978644, 391314, '场地5', 21]]
32940 - 2024-04-02 00:24:04 - Subscriber_logmode.py - 69 - INFO: - 目标场地[[2978648, 391314, '场地9', 21], [2978647, 391314, '场地8', 21], [2978644, 391314, '场地5', 21]]
23864 - 2024-04-02 00:24:04 - Subscriber_logmode.py - 83 - INFO: - {"backObject":null,"message":"预订失败，座位已被预订","object":null,"reason":"000005091003","result":"0"}
23864 - 2024-04-02 00:24:04 - Subscriber_logmode.py - 83 - INFO: - {"backObject":null,"message":"预订失败，座位已被预订","object":null,"reason":"000005091003","result":"0"}
23864 - 2024-04-02 00:24:04 - Subscriber_logmode.py - 83 - INFO: - {"backObject":null,"message":"预订失败，座位已被预订","object":null,"reason":"000005091003","result":"0"}
23864 - 2024-04-02 00:24:04 - Subscriber_logmode.py - 83 - INFO: - {"backObject":null,"message":"预订失败，座位已被预订","object":null,"reason":"000005091003","result":"0"}
15412 - 2024-04-02 00:24:04 - Subscriber_logmode.py - 83 - INFO: - {"backObject":null,"message":"预订失败，座位已被预订","object":null,"reason":"000017910419","result":"0"}
15412 - 2024-04-02 00:24:04 - Subscriber_logmode.py - 83 - INFO: - {"backObject":null,"message":"预订失败，座位已被预订","object":null,"reason":"000017910419","result":"0"}
15412 - 2024-04-02 00:24:04 - Subscriber_logmode.py - 83 - INFO: - {"backObject":null,"message":"预订失败，座位已被预订","object":null,"reason":"000017910419","result":"0"}
15412 - 2024-04-02 00:24:04 - Subscriber_logmode.py - 83 - INFO: - {"backObject":null,"message":"预订失败，座位已被预订","object":null,"reason":"000017910419","result":"0"}
32940 - 2024-04-02 00:24:04 - Subscriber_logmode.py - 83 - INFO: - {"backObject":null,"message":"预订失败，座位已被预订","object":null,"reason":"000005091003","result":"0"}
32940 - 2024-04-02 00:24:04 - Subscriber_logmode.py - 83 - INFO: - {"backObject":null,"message":"预订失败，座位已被预订","object":null,"reason":"000005091003","result":"0"}
32940 - 2024-04-02 00:24:04 - Subscriber_logmode.py - 83 - INFO: - {"backObject":null,"message":"预订失败，座位已被预订","object":null,"reason":"000005091003","result":"0"}
32940 - 2024-04-02 00:24:04 - Subscriber_logmode.py - 83 - INFO: - {"backObject":null,"message":"预订失败，座位已被预订","object":null,"reason":"000005091003","result":"0"}
34236 - 2024-04-02 00:24:04 - Subscriber_logmode.py - 83 - INFO: - {"backObject":null,"message":"预订失败，座位已被预订","object":null,"reason":"000017910419","result":"0"}
34236 - 2024-04-02 00:24:04 - Subscriber_logmode.py - 83 - INFO: - {"backObject":null,"message":"预订失败，座位已被预订","object":null,"reason":"000017910419","result":"0"}
34236 - 2024-04-02 00:24:04 - Subscriber_logmode.py - 83 - INFO: - {"backObject":null,"message":"预订失败，座位已被预订","object":null,"reason":"000017910419","result":"0"}
34236 - 2024-04-02 00:24:04 - Subscriber_logmode.py - 83 - INFO: - {"backObject":null,"message":"预订失败，座位已被预订","object":null,"reason":"000017910419","result":"0"}
23864 - 2024-04-02 00:24:05 - Subscriber_logmode.py - 83 - INFO: - {"backObject":null,"message":"预订失败，座位已被预订","object":null,"reason":"000005091003","result":"0"}
23864 - 2024-04-02 00:24:05 - Subscriber_logmode.py - 83 - INFO: - {"backObject":null,"message":"预订失败，座位已被预订","object":null,"reason":"000005091003","result":"0"}
23864 - 2024-04-02 00:24:05 - Subscriber_logmode.py - 83 - INFO: - {"backObject":null,"message":"预订失败，座位已被预订","object":null,"reason":"000005091003","result":"0"}
23864 - 2024-04-02 00:24:05 - Subscriber_logmode.py - 83 - INFO: - {"backObject":null,"message":"预订失败，座位已被预订","object":null,"reason":"000005091003","result":"0"}
32940 - 2024-04-02 00:24:05 - Subscriber_logmode.py - 83 - INFO: - {"backObject":null,"message":"预订失败，座位已被预订","object":null,"reason":"000005091003","result":"0"}
32940 - 2024-04-02 00:24:05 - Subscriber_logmode.py - 83 - INFO: - {"backObject":null,"message":"预订失败，座位已被预订","object":null,"reason":"000005091003","result":"0"}
32940 - 2024-04-02 00:24:05 - Subscriber_logmode.py - 83 - INFO: - {"backObject":null,"message":"预订失败，座位已被预订","object":null,"reason":"000005091003","result":"0"}
32940 - 2024-04-02 00:24:05 - Subscriber_logmode.py - 83 - INFO: - {"backObject":null,"message":"预订失败，座位已被预订","object":null,"reason":"000005091003","result":"0"}
15412 - 2024-04-02 00:24:05 - Subscriber_logmode.py - 83 - INFO: - {"backObject":null,"message":"预订失败，座位已被预订","object":null,"reason":"000017910419","result":"0"}
15412 - 2024-04-02 00:24:05 - Subscriber_logmode.py - 83 - INFO: - {"backObject":null,"message":"预订失败，座位已被预订","object":null,"reason":"000017910419","result":"0"}
15412 - 2024-04-02 00:24:05 - Subscriber_logmode.py - 83 - INFO: - {"backObject":null,"message":"预订失败，座位已被预订","object":null,"reason":"000017910419","result":"0"}
15412 - 2024-04-02 00:24:05 - Subscriber_logmode.py - 83 - INFO: - {"backObject":null,"message":"预订失败，座位已被预订","object":null,"reason":"000017910419","result":"0"}
34236 - 2024-04-02 00:24:05 - Subscriber_logmode.py - 83 - INFO: - {"backObject":null,"message":"预订失败，座位已被预订","object":null,"reason":"000017910419","result":"0"}
34236 - 2024-04-02 00:24:05 - Subscriber_logmode.py - 83 - INFO: - {"backObject":null,"message":"预订失败，座位已被预订","object":null,"reason":"000017910419","result":"0"}
34236 - 2024-04-02 00:24:05 - Subscriber_logmode.py - 83 - INFO: - {"backObject":null,"message":"预订失败，座位已被预订","object":null,"reason":"000017910419","result":"0"}
34236 - 2024-04-02 00:24:05 - Subscriber_logmode.py - 83 - INFO: - {"backObject":null,"message":"预订失败，座位已被预订","object":null,"reason":"000017910419","result":"0"}
23864 - 2024-04-02 00:24:05 - Subscriber_logmode.py - 83 - INFO: - {"backObject":null,"message":"预订失败，座位已被预订","object":null,"reason":"000005091003","result":"0"}
23864 - 2024-04-02 00:24:05 - Subscriber_logmode.py - 83 - INFO: - {"backObject":null,"message":"预订失败，座位已被预订","object":null,"reason":"000005091003","result":"0"}
23864 - 2024-04-02 00:24:05 - Subscriber_logmode.py - 83 - INFO: - {"backObject":null,"message":"预订失败，座位已被预订","object":null,"reason":"000005091003","result":"0"}
23864 - 2024-04-02 00:24:05 - Subscriber_logmode.py - 83 - INFO: - {"backObject":null,"message":"预订失败，座位已被预订","object":null,"reason":"000005091003","result":"0"}
32940 - 2024-04-02 00:24:05 - Subscriber_logmode.py - 83 - INFO: - {"backObject":null,"message":"预订失败，座位已被预订","object":null,"reason":"000005091003","result":"0"}
32940 - 2024-04-02 00:24:05 - Subscriber_logmode.py - 83 - INFO: - {"backObject":null,"message":"预订失败，座位已被预订","object":null,"reason":"000005091003","result":"0"}
32940 - 2024-04-02 00:24:05 - Subscriber_logmode.py - 83 - INFO: - {"backObject":null,"message":"预订失败，座位已被预订","object":null,"reason":"000005091003","result":"0"}
32940 - 2024-04-02 00:24:05 - Subscriber_logmode.py - 83 - INFO: - {"backObject":null,"message":"预订失败，座位已被预订","object":null,"reason":"000005091003","result":"0"}
15412 - 2024-04-02 00:24:05 - Subscriber_logmode.py - 83 - INFO: - {"backObject":null,"message":"预订失败，座位已被预订","object":null,"reason":"000017910419","result":"0"}
15412 - 2024-04-02 00:24:05 - Subscriber_logmode.py - 83 - INFO: - {"backObject":null,"message":"预订失败，座位已被预订","object":null,"reason":"000017910419","result":"0"}
15412 - 2024-04-02 00:24:05 - Subscriber_logmode.py - 83 - INFO: - {"backObject":null,"message":"预订失败，座位已被预订","object":null,"reason":"000017910419","result":"0"}
15412 - 2024-04-02 00:24:05 - Subscriber_logmode.py - 83 - INFO: - {"backObject":null,"message":"预订失败，座位已被预订","object":null,"reason":"000017910419","result":"0"}
15412 - 2024-04-02 00:24:06 - Subscriber_logmode.py - 83 - INFO: - {"backObject":null,"message":"预订失败，座位已被预订","object":null,"reason":"000017910419","result":"0"}
15412 - 2024-04-02 00:24:06 - Subscriber_logmode.py - 83 - INFO: - {"backObject":null,"message":"预订失败，座位已被预订","object":null,"reason":"000017910419","result":"0"}
15412 - 2024-04-02 00:24:06 - Subscriber_logmode.py - 83 - INFO: - {"backObject":null,"message":"预订失败，座位已被预订","object":null,"reason":"000017910419","result":"0"}
15412 - 2024-04-02 00:24:06 - Subscriber_logmode.py - 83 - INFO: - {"backObject":null,"message":"预订失败，座位已被预订","object":null,"reason":"000017910419","result":"0"}
15412 - 2024-04-02 00:24:06 - Subscriber_logmode.py - 83 - INFO: - {"backObject":null,"message":"预订失败，座位已被预订","object":null,"reason":"000017910419","result":"0"}
15412 - 2024-04-02 00:24:06 - Subscriber_logmode.py - 83 - INFO: - {"backObject":null,"message":"预订失败，座位已被预订","object":null,"reason":"000017910419","result":"0"}
15412 - 2024-04-02 00:24:06 - Subscriber_logmode.py - 83 - INFO: - {"backObject":null,"message":"预订失败，座位已被预订","object":null,"reason":"000017910419","result":"0"}
15412 - 2024-04-02 00:24:06 - Subscriber_logmode.py - 83 - INFO: - {"backObject":null,"message":"预订失败，座位已被预订","object":null,"reason":"000017910419","result":"0"}
15412 - 2024-04-02 00:24:07 - Subscriber_logmode.py - 83 - INFO: - {"backObject":null,"message":"预订失败，座位已被预订","object":null,"reason":"000017910419","result":"0"}
15412 - 2024-04-02 00:24:07 - Subscriber_logmode.py - 83 - INFO: - {"backObject":null,"message":"预订失败，座位已被预订","object":null,"reason":"000017910419","result":"0"}
15412 - 2024-04-02 00:24:07 - Subscriber_logmode.py - 83 - INFO: - {"backObject":null,"message":"预订失败，座位已被预订","object":null,"reason":"000017910419","result":"0"}
15412 - 2024-04-02 00:24:07 - Subscriber_logmode.py - 83 - INFO: - {"backObject":null,"message":"预订失败，座位已被预订","object":null,"reason":"000017910419","result":"0"}
15412 - 2024-04-02 00:24:07 - Subscriber_logmode.py - 83 - INFO: - {"backObject":null,"message":"预订失败，座位已被预订","object":null,"reason":"000017910419","result":"0"}
15412 - 2024-04-02 00:24:07 - Subscriber_logmode.py - 83 - INFO: - {"backObject":null,"message":"预订失败，座位已被预订","object":null,"reason":"000017910419","result":"0"}
15412 - 2024-04-02 00:24:07 - Subscriber_logmode.py - 83 - INFO: - {"backObject":null,"message":"预订失败，座位已被预订","object":null,"reason":"000017910419","result":"0"}
15412 - 2024-04-02 00:24:07 - Subscriber_logmode.py - 83 - INFO: - {"backObject":null,"message":"预订失败，座位已被预订","object":null,"reason":"000017910419","result":"0"}
15412 - 2024-04-02 00:24:08 - Subscriber_logmode.py - 83 - INFO: - {"backObject":null,"message":"预订失败，座位已被预订","object":null,"reason":"000017910419","result":"0"}
15412 - 2024-04-02 00:24:08 - Subscriber_logmode.py - 83 - INFO: - {"backObject":null,"message":"预订失败，座位已被预订","object":null,"reason":"000017910419","result":"0"}
15412 - 2024-04-02 00:24:08 - Subscriber_logmode.py - 83 - INFO: - {"backObject":null,"message":"预订失败，座位已被预订","object":null,"reason":"000017910419","result":"0"}
15412 - 2024-04-02 00:24:08 - Subscriber_logmode.py - 83 - INFO: - {"backObject":null,"message":"预订失败，座位已被预订","object":null,"reason":"000017910419","result":"0"}
15412 - 2024-04-02 00:24:08 - Subscriber_logmode.py - 83 - INFO: - {"backObject":null,"message":"预订失败，座位已被预订","object":null,"reason":"000017910419","result":"0"}
15412 - 2024-04-02 00:24:08 - Subscriber_logmode.py - 83 - INFO: - {"backObject":null,"message":"预订失败，座位已被预订","object":null,"reason":"000017910419","result":"0"}
15412 - 2024-04-02 00:24:08 - Subscriber_logmode.py - 83 - INFO: - {"backObject":null,"message":"预订失败，座位已被预订","object":null,"reason":"000017910419","result":"0"}
15412 - 2024-04-02 00:24:08 - Subscriber_logmode.py - 83 - INFO: - {"backObject":null,"message":"预订失败，座位已被预订","object":null,"reason":"000017910419","result":"0"}
12556 - 2024-04-03 00:00:00 - Subscriber_logmode.py - 46 - INFO: - 目标日期：2024-04-03
12556 - 2024-04-03 00:00:00 - Subscriber_logmode.py - 46 - INFO: - 目标日期：2024-04-03
12556 - 2024-04-03 00:00:00 - Subscriber_logmode.py - 46 - INFO: - 目标日期：2024-04-03
12556 - 2024-04-03 00:00:00 - Subscriber_logmode.py - 46 - INFO: - 目标日期：2024-04-03
11716 - 2024-04-03 00:00:00 - Subscriber_logmode.py - 46 - INFO: - 目标日期：2024-04-03
12556 - 2024-04-03 00:00:00 - Subscriber_logmode.py - 46 - INFO: - 目标日期：2024-04-03
11716 - 2024-04-03 00:00:00 - Subscriber_logmode.py - 46 - INFO: - 目标日期：2024-04-03
11716 - 2024-04-03 00:00:00 - Subscriber_logmode.py - 46 - INFO: - 目标日期：2024-04-03
9012 - 2024-04-03 00:00:00 - Subscriber_logmode.py - 46 - INFO: - 目标日期：2024-04-03
9012 - 2024-04-03 00:00:00 - Subscriber_logmode.py - 46 - INFO: - 目标日期：2024-04-03
9012 - 2024-04-03 00:00:00 - Subscriber_logmode.py - 46 - INFO: - 目标日期：2024-04-03
11716 - 2024-04-03 00:00:00 - Subscriber_logmode.py - 46 - INFO: - 目标日期：2024-04-03
29720 - 2024-04-03 00:00:00 - Subscriber_logmode.py - 46 - INFO: - 目标日期：2024-04-03
9012 - 2024-04-03 00:00:00 - Subscriber_logmode.py - 46 - INFO: - 目标日期：2024-04-03
11716 - 2024-04-03 00:00:00 - Subscriber_logmode.py - 46 - INFO: - 目标日期：2024-04-03
12272 - 2024-04-03 00:00:00 - Subscriber_logmode.py - 46 - INFO: - 目标日期：2024-04-03
29720 - 2024-04-03 00:00:00 - Subscriber_logmode.py - 46 - INFO: - 目标日期：2024-04-03
9012 - 2024-04-03 00:00:00 - Subscriber_logmode.py - 46 - INFO: - 目标日期：2024-04-03
29720 - 2024-04-03 00:00:00 - Subscriber_logmode.py - 46 - INFO: - 目标日期：2024-04-03
12272 - 2024-04-03 00:00:00 - Subscriber_logmode.py - 46 - INFO: - 目标日期：2024-04-03
12272 - 2024-04-03 00:00:00 - Subscriber_logmode.py - 46 - INFO: - 目标日期：2024-04-03
29720 - 2024-04-03 00:00:00 - Subscriber_logmode.py - 46 - INFO: - 目标日期：2024-04-03
29720 - 2024-04-03 00:00:00 - Subscriber_logmode.py - 46 - INFO: - 目标日期：2024-04-03
12272 - 2024-04-03 00:00:00 - Subscriber_logmode.py - 46 - INFO: - 目标日期：2024-04-03
12272 - 2024-04-03 00:00:00 - Subscriber_logmode.py - 46 - INFO: - 目标日期：2024-04-03
12556 - 2024-04-03 00:00:02 - Subscriber_logmode.py - 50 - INFO: - 获取场地信息成功
12556 - 2024-04-03 00:00:02 - Subscriber_logmode.py - 50 - INFO: - 获取场地信息成功
12556 - 2024-04-03 00:00:02 - Subscriber_logmode.py - 50 - INFO: - 获取场地信息成功
12556 - 2024-04-03 00:00:02 - Subscriber_logmode.py - 50 - INFO: - 获取场地信息成功
12556 - 2024-04-03 00:00:02 - Subscriber_logmode.py - 50 - INFO: - 获取场地信息成功
12556 - 2024-04-03 00:00:02 - Subscriber_logmode.py - 69 - INFO: - 目标场地[[2978615, 391312, '场地2', 19], [2978616, 391312, '场地3', 19], [2978617, 391312, '场地4', 19]]
12556 - 2024-04-03 00:00:02 - Subscriber_logmode.py - 69 - INFO: - 目标场地[[2978615, 391312, '场地2', 19], [2978616, 391312, '场地3', 19], [2978617, 391312, '场地4', 19]]
12556 - 2024-04-03 00:00:02 - Subscriber_logmode.py - 69 - INFO: - 目标场地[[2978615, 391312, '场地2', 19], [2978616, 391312, '场地3', 19], [2978617, 391312, '场地4', 19]]
12556 - 2024-04-03 00:00:02 - Subscriber_logmode.py - 69 - INFO: - 目标场地[[2978615, 391312, '场地2', 19], [2978616, 391312, '场地3', 19], [2978617, 391312, '场地4', 19]]
12556 - 2024-04-03 00:00:02 - Subscriber_logmode.py - 69 - INFO: - 目标场地[[2978615, 391312, '场地2', 19], [2978616, 391312, '场地3', 19], [2978617, 391312, '场地4', 19]]
11716 - 2024-04-03 00:00:02 - Subscriber_logmode.py - 50 - INFO: - 获取场地信息成功
11716 - 2024-04-03 00:00:02 - Subscriber_logmode.py - 50 - INFO: - 获取场地信息成功
11716 - 2024-04-03 00:00:02 - Subscriber_logmode.py - 50 - INFO: - 获取场地信息成功
11716 - 2024-04-03 00:00:02 - Subscriber_logmode.py - 50 - INFO: - 获取场地信息成功
11716 - 2024-04-03 00:00:02 - Subscriber_logmode.py - 50 - INFO: - 获取场地信息成功
11716 - 2024-04-03 00:00:02 - Subscriber_logmode.py - 69 - INFO: - 目标场地[[2978635, 391313, '场地9', 20], [2978634, 391313, '场地8', 20], [2978631, 391313, '场地5', 20]]
11716 - 2024-04-03 00:00:02 - Subscriber_logmode.py - 69 - INFO: - 目标场地[[2978635, 391313, '场地9', 20], [2978634, 391313, '场地8', 20], [2978631, 391313, '场地5', 20]]
11716 - 2024-04-03 00:00:02 - Subscriber_logmode.py - 69 - INFO: - 目标场地[[2978635, 391313, '场地9', 20], [2978634, 391313, '场地8', 20], [2978631, 391313, '场地5', 20]]
11716 - 2024-04-03 00:00:02 - Subscriber_logmode.py - 69 - INFO: - 目标场地[[2978635, 391313, '场地9', 20], [2978634, 391313, '场地8', 20], [2978631, 391313, '场地5', 20]]
11716 - 2024-04-03 00:00:02 - Subscriber_logmode.py - 69 - INFO: - 目标场地[[2978635, 391313, '场地9', 20], [2978634, 391313, '场地8', 20], [2978631, 391313, '场地5', 20]]
9012 - 2024-04-03 00:00:03 - Subscriber_logmode.py - 50 - INFO: - 获取场地信息成功
9012 - 2024-04-03 00:00:03 - Subscriber_logmode.py - 50 - INFO: - 获取场地信息成功
9012 - 2024-04-03 00:00:03 - Subscriber_logmode.py - 50 - INFO: - 获取场地信息成功
9012 - 2024-04-03 00:00:03 - Subscriber_logmode.py - 50 - INFO: - 获取场地信息成功
9012 - 2024-04-03 00:00:03 - Subscriber_logmode.py - 50 - INFO: - 获取场地信息成功
9012 - 2024-04-03 00:00:03 - Subscriber_logmode.py - 69 - INFO: - 目标场地[[2978646, 391314, '场地7', 21], [2978645, 391314, '场地6', 21]]
9012 - 2024-04-03 00:00:03 - Subscriber_logmode.py - 69 - INFO: - 目标场地[[2978646, 391314, '场地7', 21], [2978645, 391314, '场地6', 21]]
9012 - 2024-04-03 00:00:03 - Subscriber_logmode.py - 69 - INFO: - 目标场地[[2978646, 391314, '场地7', 21], [2978645, 391314, '场地6', 21]]
9012 - 2024-04-03 00:00:03 - Subscriber_logmode.py - 69 - INFO: - 目标场地[[2978646, 391314, '场地7', 21], [2978645, 391314, '场地6', 21]]
9012 - 2024-04-03 00:00:03 - Subscriber_logmode.py - 69 - INFO: - 目标场地[[2978646, 391314, '场地7', 21], [2978645, 391314, '场地6', 21]]
29720 - 2024-04-03 00:00:03 - Subscriber_logmode.py - 50 - INFO: - 获取场地信息成功
29720 - 2024-04-03 00:00:03 - Subscriber_logmode.py - 50 - INFO: - 获取场地信息成功
29720 - 2024-04-03 00:00:03 - Subscriber_logmode.py - 50 - INFO: - 获取场地信息成功
29720 - 2024-04-03 00:00:03 - Subscriber_logmode.py - 50 - INFO: - 获取场地信息成功
29720 - 2024-04-03 00:00:03 - Subscriber_logmode.py - 50 - INFO: - 获取场地信息成功
29720 - 2024-04-03 00:00:03 - Subscriber_logmode.py - 69 - INFO: - 目标场地[[2978622, 391312, '场地9', 19], [2978621, 391312, '场地8', 19], [2978618, 391312, '场地5', 19]]
29720 - 2024-04-03 00:00:03 - Subscriber_logmode.py - 69 - INFO: - 目标场地[[2978622, 391312, '场地9', 19], [2978621, 391312, '场地8', 19], [2978618, 391312, '场地5', 19]]
29720 - 2024-04-03 00:00:03 - Subscriber_logmode.py - 69 - INFO: - 目标场地[[2978622, 391312, '场地9', 19], [2978621, 391312, '场地8', 19], [2978618, 391312, '场地5', 19]]
29720 - 2024-04-03 00:00:03 - Subscriber_logmode.py - 69 - INFO: - 目标场地[[2978622, 391312, '场地9', 19], [2978621, 391312, '场地8', 19], [2978618, 391312, '场地5', 19]]
29720 - 2024-04-03 00:00:03 - Subscriber_logmode.py - 69 - INFO: - 目标场地[[2978622, 391312, '场地9', 19], [2978621, 391312, '场地8', 19], [2978618, 391312, '场地5', 19]]
12272 - 2024-04-03 00:00:03 - Subscriber_logmode.py - 50 - INFO: - 获取场地信息成功
12272 - 2024-04-03 00:00:03 - Subscriber_logmode.py - 50 - INFO: - 获取场地信息成功
12272 - 2024-04-03 00:00:03 - Subscriber_logmode.py - 50 - INFO: - 获取场地信息成功
12272 - 2024-04-03 00:00:03 - Subscriber_logmode.py - 50 - INFO: - 获取场地信息成功
12272 - 2024-04-03 00:00:03 - Subscriber_logmode.py - 50 - INFO: - 获取场地信息成功
12272 - 2024-04-03 00:00:03 - Subscriber_logmode.py - 69 - INFO: - 目标场地[[2978614, 391312, '场地1', 19], [2978623, 391312, '场地10', 19], [2978627, 391313, '场地1', 20], [2978636, 391313, '场地10', 20], [2978640, 391314, '场地1', 21], [2978649, 391314, '场地10', 21], [2978623, 391312, '场地10', 19], [2978636, 391313, '场地10', 20], [2978649, 391314, '场地10', 21], [2978619, 391312, '场地6', 19], [2978632, 391313, '场地6', 20], [2978645, 391314, '场地6', 21]]
12272 - 2024-04-03 00:00:03 - Subscriber_logmode.py - 69 - INFO: - 目标场地[[2978614, 391312, '场地1', 19], [2978623, 391312, '场地10', 19], [2978627, 391313, '场地1', 20], [2978636, 391313, '场地10', 20], [2978640, 391314, '场地1', 21], [2978649, 391314, '场地10', 21], [2978623, 391312, '场地10', 19], [2978636, 391313, '场地10', 20], [2978649, 391314, '场地10', 21], [2978619, 391312, '场地6', 19], [2978632, 391313, '场地6', 20], [2978645, 391314, '场地6', 21]]
12272 - 2024-04-03 00:00:03 - Subscriber_logmode.py - 69 - INFO: - 目标场地[[2978614, 391312, '场地1', 19], [2978623, 391312, '场地10', 19], [2978627, 391313, '场地1', 20], [2978636, 391313, '场地10', 20], [2978640, 391314, '场地1', 21], [2978649, 391314, '场地10', 21], [2978623, 391312, '场地10', 19], [2978636, 391313, '场地10', 20], [2978649, 391314, '场地10', 21], [2978619, 391312, '场地6', 19], [2978632, 391313, '场地6', 20], [2978645, 391314, '场地6', 21]]
12272 - 2024-04-03 00:00:03 - Subscriber_logmode.py - 69 - INFO: - 目标场地[[2978614, 391312, '场地1', 19], [2978623, 391312, '场地10', 19], [2978627, 391313, '场地1', 20], [2978636, 391313, '场地10', 20], [2978640, 391314, '场地1', 21], [2978649, 391314, '场地10', 21], [2978623, 391312, '场地10', 19], [2978636, 391313, '场地10', 20], [2978649, 391314, '场地10', 21], [2978619, 391312, '场地6', 19], [2978632, 391313, '场地6', 20], [2978645, 391314, '场地6', 21]]
12272 - 2024-04-03 00:00:03 - Subscriber_logmode.py - 69 - INFO: - 目标场地[[2978614, 391312, '场地1', 19], [2978623, 391312, '场地10', 19], [2978627, 391313, '场地1', 20], [2978636, 391313, '场地10', 20], [2978640, 391314, '场地1', 21], [2978649, 391314, '场地10', 21], [2978623, 391312, '场地10', 19], [2978636, 391313, '场地10', 20], [2978649, 391314, '场地10', 21], [2978619, 391312, '场地6', 19], [2978632, 391313, '场地6', 20], [2978645, 391314, '场地6', 21]]
11716 - 2024-04-03 00:00:11 - Subscriber_logmode.py - 83 - INFO: - {"backObject":null,"message":"预订失败，座位已被预订","object":null,"reason":"000017910419","result":"0"}
11716 - 2024-04-03 00:00:11 - Subscriber_logmode.py - 83 - INFO: - {"backObject":null,"message":"预订失败，座位已被预订","object":null,"reason":"000017910419","result":"0"}
11716 - 2024-04-03 00:00:11 - Subscriber_logmode.py - 83 - INFO: - {"backObject":null,"message":"预订失败，座位已被预订","object":null,"reason":"000017910419","result":"0"}
11716 - 2024-04-03 00:00:11 - Subscriber_logmode.py - 83 - INFO: - {"backObject":null,"message":"预订失败，座位已被预订","object":null,"reason":"000017910419","result":"0"}
11716 - 2024-04-03 00:00:11 - Subscriber_logmode.py - 83 - INFO: - {"backObject":null,"message":"预订失败，座位已被预订","object":null,"reason":"000017910419","result":"0"}
9012 - 2024-04-03 00:00:11 - Subscriber_logmode.py - 83 - INFO: - {"backObject":null,"message":"预订失败，座位已被预订","object":null,"reason":"000005091003","result":"0"}
9012 - 2024-04-03 00:00:11 - Subscriber_logmode.py - 83 - INFO: - {"backObject":null,"message":"预订失败，座位已被预订","object":null,"reason":"000005091003","result":"0"}
9012 - 2024-04-03 00:00:11 - Subscriber_logmode.py - 83 - INFO: - {"backObject":null,"message":"预订失败，座位已被预订","object":null,"reason":"000005091003","result":"0"}
9012 - 2024-04-03 00:00:11 - Subscriber_logmode.py - 83 - INFO: - {"backObject":null,"message":"预订失败，座位已被预订","object":null,"reason":"000005091003","result":"0"}
9012 - 2024-04-03 00:00:11 - Subscriber_logmode.py - 83 - INFO: - {"backObject":null,"message":"预订失败，座位已被预订","object":null,"reason":"000005091003","result":"0"}
12556 - 2024-04-03 00:00:14 - Subscriber_logmode.py - 83 - INFO: - {"backObject":null,"message":"预订失败，座位已被预订","object":null,"reason":"000005091003","result":"0"}
12556 - 2024-04-03 00:00:14 - Subscriber_logmode.py - 83 - INFO: - {"backObject":null,"message":"预订失败，座位已被预订","object":null,"reason":"000005091003","result":"0"}
12556 - 2024-04-03 00:00:14 - Subscriber_logmode.py - 83 - INFO: - {"backObject":null,"message":"预订失败，座位已被预订","object":null,"reason":"000005091003","result":"0"}
12556 - 2024-04-03 00:00:14 - Subscriber_logmode.py - 83 - INFO: - {"backObject":null,"message":"预订失败，座位已被预订","object":null,"reason":"000005091003","result":"0"}
12556 - 2024-04-03 00:00:14 - Subscriber_logmode.py - 83 - INFO: - {"backObject":null,"message":"预订失败，座位已被预订","object":null,"reason":"000005091003","result":"0"}
12272 - 2024-04-03 00:00:15 - Subscriber_logmode.py - 83 - INFO: - {"backObject":null,"message":"预订失败，座位已被预订","object":null,"reason":"000017910419","result":"0"}
12272 - 2024-04-03 00:00:15 - Subscriber_logmode.py - 83 - INFO: - {"backObject":null,"message":"预订失败，座位已被预订","object":null,"reason":"000017910419","result":"0"}
12272 - 2024-04-03 00:00:15 - Subscriber_logmode.py - 83 - INFO: - {"backObject":null,"message":"预订失败，座位已被预订","object":null,"reason":"000017910419","result":"0"}
12272 - 2024-04-03 00:00:15 - Subscriber_logmode.py - 83 - INFO: - {"backObject":null,"message":"预订失败，座位已被预订","object":null,"reason":"000017910419","result":"0"}
12272 - 2024-04-03 00:00:15 - Subscriber_logmode.py - 83 - INFO: - {"backObject":null,"message":"预订失败，座位已被预订","object":null,"reason":"000017910419","result":"0"}
29720 - 2024-04-03 00:00:15 - Subscriber_logmode.py - 83 - INFO: - {"backObject":null,"message":"预订失败，座位已被预订","object":null,"reason":"000005091003","result":"0"}
29720 - 2024-04-03 00:00:15 - Subscriber_logmode.py - 83 - INFO: - {"backObject":null,"message":"预订失败，座位已被预订","object":null,"reason":"000005091003","result":"0"}
29720 - 2024-04-03 00:00:15 - Subscriber_logmode.py - 83 - INFO: - {"backObject":null,"message":"预订失败，座位已被预订","object":null,"reason":"000005091003","result":"0"}
29720 - 2024-04-03 00:00:15 - Subscriber_logmode.py - 83 - INFO: - {"backObject":null,"message":"预订失败，座位已被预订","object":null,"reason":"000005091003","result":"0"}
29720 - 2024-04-03 00:00:15 - Subscriber_logmode.py - 83 - INFO: - {"backObject":null,"message":"预订失败，座位已被预订","object":null,"reason":"000005091003","result":"0"}
9012 - 2024-04-03 00:00:15 - Subscriber_logmode.py - 83 - INFO: - {"backObject":null,"message":"预订失败，座位已被预订","object":null,"reason":"000005091003","result":"0"}
9012 - 2024-04-03 00:00:15 - Subscriber_logmode.py - 83 - INFO: - {"backObject":null,"message":"预订失败，座位已被预订","object":null,"reason":"000005091003","result":"0"}
9012 - 2024-04-03 00:00:15 - Subscriber_logmode.py - 83 - INFO: - {"backObject":null,"message":"预订失败，座位已被预订","object":null,"reason":"000005091003","result":"0"}
9012 - 2024-04-03 00:00:15 - Subscriber_logmode.py - 83 - INFO: - {"backObject":null,"message":"预订失败，座位已被预订","object":null,"reason":"000005091003","result":"0"}
9012 - 2024-04-03 00:00:15 - Subscriber_logmode.py - 83 - INFO: - {"backObject":null,"message":"预订失败，座位已被预订","object":null,"reason":"000005091003","result":"0"}
11716 - 2024-04-03 00:00:21 - Subscriber_logmode.py - 83 - INFO: - {"backObject":null,"message":"预订失败，座位已被预订","object":null,"reason":"000017910419","result":"0"}
11716 - 2024-04-03 00:00:21 - Subscriber_logmode.py - 83 - INFO: - {"backObject":null,"message":"预订失败，座位已被预订","object":null,"reason":"000017910419","result":"0"}
11716 - 2024-04-03 00:00:21 - Subscriber_logmode.py - 83 - INFO: - {"backObject":null,"message":"预订失败，座位已被预订","object":null,"reason":"000017910419","result":"0"}
11716 - 2024-04-03 00:00:21 - Subscriber_logmode.py - 83 - INFO: - {"backObject":null,"message":"预订失败，座位已被预订","object":null,"reason":"000017910419","result":"0"}
11716 - 2024-04-03 00:00:21 - Subscriber_logmode.py - 83 - INFO: - {"backObject":null,"message":"预订失败，座位已被预订","object":null,"reason":"000017910419","result":"0"}
11716 - 2024-04-03 00:00:22 - Subscriber_logmode.py - 83 - INFO: - <!DOCTYPE html>
<html>
<head>
<title>Error</title>
<style>
html { color-scheme: light dark; }
body { width: 35em; margin: 0 auto;
font-family: Tahoma, Verdana, Arial, sans-serif; }
</style>
</head>
<body>
<h1>An error occurred.</h1>
<p>Sorry, the page you are looking for is currently unavailable.<br/>
Please try again later.</p>
<p>If you are the system administrator of this resource then you should check
the error log for details.</p>
<p><em>Faithfully yours, nginx.</em></p>
</body>
</html>

11716 - 2024-04-03 00:00:22 - Subscriber_logmode.py - 83 - INFO: - <!DOCTYPE html>
<html>
<head>
<title>Error</title>
<style>
html { color-scheme: light dark; }
body { width: 35em; margin: 0 auto;
font-family: Tahoma, Verdana, Arial, sans-serif; }
</style>
</head>
<body>
<h1>An error occurred.</h1>
<p>Sorry, the page you are looking for is currently unavailable.<br/>
Please try again later.</p>
<p>If you are the system administrator of this resource then you should check
the error log for details.</p>
<p><em>Faithfully yours, nginx.</em></p>
</body>
</html>

11716 - 2024-04-03 00:00:22 - Subscriber_logmode.py - 83 - INFO: - <!DOCTYPE html>
<html>
<head>
<title>Error</title>
<style>
html { color-scheme: light dark; }
body { width: 35em; margin: 0 auto;
font-family: Tahoma, Verdana, Arial, sans-serif; }
</style>
</head>
<body>
<h1>An error occurred.</h1>
<p>Sorry, the page you are looking for is currently unavailable.<br/>
Please try again later.</p>
<p>If you are the system administrator of this resource then you should check
the error log for details.</p>
<p><em>Faithfully yours, nginx.</em></p>
</body>
</html>

11716 - 2024-04-03 00:00:22 - Subscriber_logmode.py - 83 - INFO: - <!DOCTYPE html>
<html>
<head>
<title>Error</title>
<style>
html { color-scheme: light dark; }
body { width: 35em; margin: 0 auto;
font-family: Tahoma, Verdana, Arial, sans-serif; }
</style>
</head>
<body>
<h1>An error occurred.</h1>
<p>Sorry, the page you are looking for is currently unavailable.<br/>
Please try again later.</p>
<p>If you are the system administrator of this resource then you should check
the error log for details.</p>
<p><em>Faithfully yours, nginx.</em></p>
</body>
</html>

11716 - 2024-04-03 00:00:22 - Subscriber_logmode.py - 83 - INFO: - <!DOCTYPE html>
<html>
<head>
<title>Error</title>
<style>
html { color-scheme: light dark; }
body { width: 35em; margin: 0 auto;
font-family: Tahoma, Verdana, Arial, sans-serif; }
</style>
</head>
<body>
<h1>An error occurred.</h1>
<p>Sorry, the page you are looking for is currently unavailable.<br/>
Please try again later.</p>
<p>If you are the system administrator of this resource then you should check
the error log for details.</p>
<p><em>Faithfully yours, nginx.</em></p>
</body>
</html>

29720 - 2024-04-03 00:00:22 - Subscriber_logmode.py - 83 - INFO: - {"backObject":null,"message":"预订失败，座位已被预订","object":null,"reason":"000005091003","result":"0"}
29720 - 2024-04-03 00:00:22 - Subscriber_logmode.py - 83 - INFO: - {"backObject":null,"message":"预订失败，座位已被预订","object":null,"reason":"000005091003","result":"0"}
29720 - 2024-04-03 00:00:22 - Subscriber_logmode.py - 83 - INFO: - {"backObject":null,"message":"预订失败，座位已被预订","object":null,"reason":"000005091003","result":"0"}
29720 - 2024-04-03 00:00:22 - Subscriber_logmode.py - 83 - INFO: - {"backObject":null,"message":"预订失败，座位已被预订","object":null,"reason":"000005091003","result":"0"}
29720 - 2024-04-03 00:00:22 - Subscriber_logmode.py - 83 - INFO: - {"backObject":null,"message":"预订失败，座位已被预订","object":null,"reason":"000005091003","result":"0"}
29720 - 2024-04-03 00:00:22 - Subscriber_logmode.py - 83 - INFO: - <!DOCTYPE html>
<html>
<head>
<title>Error</title>
<style>
html { color-scheme: light dark; }
body { width: 35em; margin: 0 auto;
font-family: Tahoma, Verdana, Arial, sans-serif; }
</style>
</head>
<body>
<h1>An error occurred.</h1>
<p>Sorry, the page you are looking for is currently unavailable.<br/>
Please try again later.</p>
<p>If you are the system administrator of this resource then you should check
the error log for details.</p>
<p><em>Faithfully yours, nginx.</em></p>
</body>
</html>

29720 - 2024-04-03 00:00:22 - Subscriber_logmode.py - 83 - INFO: - <!DOCTYPE html>
<html>
<head>
<title>Error</title>
<style>
html { color-scheme: light dark; }
body { width: 35em; margin: 0 auto;
font-family: Tahoma, Verdana, Arial, sans-serif; }
</style>
</head>
<body>
<h1>An error occurred.</h1>
<p>Sorry, the page you are looking for is currently unavailable.<br/>
Please try again later.</p>
<p>If you are the system administrator of this resource then you should check
the error log for details.</p>
<p><em>Faithfully yours, nginx.</em></p>
</body>
</html>

29720 - 2024-04-03 00:00:22 - Subscriber_logmode.py - 83 - INFO: - <!DOCTYPE html>
<html>
<head>
<title>Error</title>
<style>
html { color-scheme: light dark; }
body { width: 35em; margin: 0 auto;
font-family: Tahoma, Verdana, Arial, sans-serif; }
</style>
</head>
<body>
<h1>An error occurred.</h1>
<p>Sorry, the page you are looking for is currently unavailable.<br/>
Please try again later.</p>
<p>If you are the system administrator of this resource then you should check
the error log for details.</p>
<p><em>Faithfully yours, nginx.</em></p>
</body>
</html>

29720 - 2024-04-03 00:00:22 - Subscriber_logmode.py - 83 - INFO: - <!DOCTYPE html>
<html>
<head>
<title>Error</title>
<style>
html { color-scheme: light dark; }
body { width: 35em; margin: 0 auto;
font-family: Tahoma, Verdana, Arial, sans-serif; }
</style>
</head>
<body>
<h1>An error occurred.</h1>
<p>Sorry, the page you are looking for is currently unavailable.<br/>
Please try again later.</p>
<p>If you are the system administrator of this resource then you should check
the error log for details.</p>
<p><em>Faithfully yours, nginx.</em></p>
</body>
</html>

29720 - 2024-04-03 00:00:22 - Subscriber_logmode.py - 83 - INFO: - <!DOCTYPE html>
<html>
<head>
<title>Error</title>
<style>
html { color-scheme: light dark; }
body { width: 35em; margin: 0 auto;
font-family: Tahoma, Verdana, Arial, sans-serif; }
</style>
</head>
<body>
<h1>An error occurred.</h1>
<p>Sorry, the page you are looking for is currently unavailable.<br/>
Please try again later.</p>
<p>If you are the system administrator of this resource then you should check
the error log for details.</p>
<p><em>Faithfully yours, nginx.</em></p>
</body>
</html>

12556 - 2024-04-03 00:00:23 - Subscriber_logmode.py - 83 - INFO: - {"backObject":null,"message":"预订失败，座位已被预订","object":null,"reason":"000005091003","result":"0"}
12556 - 2024-04-03 00:00:23 - Subscriber_logmode.py - 83 - INFO: - {"backObject":null,"message":"预订失败，座位已被预订","object":null,"reason":"000005091003","result":"0"}
12556 - 2024-04-03 00:00:23 - Subscriber_logmode.py - 83 - INFO: - {"backObject":null,"message":"预订失败，座位已被预订","object":null,"reason":"000005091003","result":"0"}
12556 - 2024-04-03 00:00:23 - Subscriber_logmode.py - 83 - INFO: - {"backObject":null,"message":"预订失败，座位已被预订","object":null,"reason":"000005091003","result":"0"}
12556 - 2024-04-03 00:00:23 - Subscriber_logmode.py - 83 - INFO: - {"backObject":null,"message":"预订失败，座位已被预订","object":null,"reason":"000005091003","result":"0"}
12272 - 2024-04-03 00:00:23 - Subscriber_logmode.py - 83 - INFO: - {"backObject":null,"message":"预订失败，座位已被预订","object":null,"reason":"000017910419","result":"0"}
12272 - 2024-04-03 00:00:23 - Subscriber_logmode.py - 83 - INFO: - {"backObject":null,"message":"预订失败，座位已被预订","object":null,"reason":"000017910419","result":"0"}
12272 - 2024-04-03 00:00:23 - Subscriber_logmode.py - 83 - INFO: - {"backObject":null,"message":"预订失败，座位已被预订","object":null,"reason":"000017910419","result":"0"}
12272 - 2024-04-03 00:00:23 - Subscriber_logmode.py - 83 - INFO: - {"backObject":null,"message":"预订失败，座位已被预订","object":null,"reason":"000017910419","result":"0"}
12272 - 2024-04-03 00:00:23 - Subscriber_logmode.py - 83 - INFO: - {"backObject":null,"message":"预订失败，座位已被预订","object":null,"reason":"000017910419","result":"0"}
12556 - 2024-04-03 00:00:23 - Subscriber_logmode.py - 83 - INFO: - <!DOCTYPE html>
<html>
<head>
<title>Error</title>
<style>
html { color-scheme: light dark; }
body { width: 35em; margin: 0 auto;
font-family: Tahoma, Verdana, Arial, sans-serif; }
</style>
</head>
<body>
<h1>An error occurred.</h1>
<p>Sorry, the page you are looking for is currently unavailable.<br/>
Please try again later.</p>
<p>If you are the system administrator of this resource then you should check
the error log for details.</p>
<p><em>Faithfully yours, nginx.</em></p>
</body>
</html>

12556 - 2024-04-03 00:00:23 - Subscriber_logmode.py - 83 - INFO: - <!DOCTYPE html>
<html>
<head>
<title>Error</title>
<style>
html { color-scheme: light dark; }
body { width: 35em; margin: 0 auto;
font-family: Tahoma, Verdana, Arial, sans-serif; }
</style>
</head>
<body>
<h1>An error occurred.</h1>
<p>Sorry, the page you are looking for is currently unavailable.<br/>
Please try again later.</p>
<p>If you are the system administrator of this resource then you should check
the error log for details.</p>
<p><em>Faithfully yours, nginx.</em></p>
</body>
</html>

12556 - 2024-04-03 00:00:23 - Subscriber_logmode.py - 83 - INFO: - <!DOCTYPE html>
<html>
<head>
<title>Error</title>
<style>
html { color-scheme: light dark; }
body { width: 35em; margin: 0 auto;
font-family: Tahoma, Verdana, Arial, sans-serif; }
</style>
</head>
<body>
<h1>An error occurred.</h1>
<p>Sorry, the page you are looking for is currently unavailable.<br/>
Please try again later.</p>
<p>If you are the system administrator of this resource then you should check
the error log for details.</p>
<p><em>Faithfully yours, nginx.</em></p>
</body>
</html>

12556 - 2024-04-03 00:00:23 - Subscriber_logmode.py - 83 - INFO: - <!DOCTYPE html>
<html>
<head>
<title>Error</title>
<style>
html { color-scheme: light dark; }
body { width: 35em; margin: 0 auto;
font-family: Tahoma, Verdana, Arial, sans-serif; }
</style>
</head>
<body>
<h1>An error occurred.</h1>
<p>Sorry, the page you are looking for is currently unavailable.<br/>
Please try again later.</p>
<p>If you are the system administrator of this resource then you should check
the error log for details.</p>
<p><em>Faithfully yours, nginx.</em></p>
</body>
</html>

12556 - 2024-04-03 00:00:23 - Subscriber_logmode.py - 83 - INFO: - <!DOCTYPE html>
<html>
<head>
<title>Error</title>
<style>
html { color-scheme: light dark; }
body { width: 35em; margin: 0 auto;
font-family: Tahoma, Verdana, Arial, sans-serif; }
</style>
</head>
<body>
<h1>An error occurred.</h1>
<p>Sorry, the page you are looking for is currently unavailable.<br/>
Please try again later.</p>
<p>If you are the system administrator of this resource then you should check
the error log for details.</p>
<p><em>Faithfully yours, nginx.</em></p>
</body>
</html>

12272 - 2024-04-03 00:00:23 - Subscriber_logmode.py - 83 - INFO: - <!DOCTYPE html>
<html>
<head>
<title>Error</title>
<style>
html { color-scheme: light dark; }
body { width: 35em; margin: 0 auto;
font-family: Tahoma, Verdana, Arial, sans-serif; }
</style>
</head>
<body>
<h1>An error occurred.</h1>
<p>Sorry, the page you are looking for is currently unavailable.<br/>
Please try again later.</p>
<p>If you are the system administrator of this resource then you should check
the error log for details.</p>
<p><em>Faithfully yours, nginx.</em></p>
</body>
</html>

12272 - 2024-04-03 00:00:23 - Subscriber_logmode.py - 83 - INFO: - <!DOCTYPE html>
<html>
<head>
<title>Error</title>
<style>
html { color-scheme: light dark; }
body { width: 35em; margin: 0 auto;
font-family: Tahoma, Verdana, Arial, sans-serif; }
</style>
</head>
<body>
<h1>An error occurred.</h1>
<p>Sorry, the page you are looking for is currently unavailable.<br/>
Please try again later.</p>
<p>If you are the system administrator of this resource then you should check
the error log for details.</p>
<p><em>Faithfully yours, nginx.</em></p>
</body>
</html>

12272 - 2024-04-03 00:00:23 - Subscriber_logmode.py - 83 - INFO: - <!DOCTYPE html>
<html>
<head>
<title>Error</title>
<style>
html { color-scheme: light dark; }
body { width: 35em; margin: 0 auto;
font-family: Tahoma, Verdana, Arial, sans-serif; }
</style>
</head>
<body>
<h1>An error occurred.</h1>
<p>Sorry, the page you are looking for is currently unavailable.<br/>
Please try again later.</p>
<p>If you are the system administrator of this resource then you should check
the error log for details.</p>
<p><em>Faithfully yours, nginx.</em></p>
</body>
</html>

12272 - 2024-04-03 00:00:23 - Subscriber_logmode.py - 83 - INFO: - <!DOCTYPE html>
<html>
<head>
<title>Error</title>
<style>
html { color-scheme: light dark; }
body { width: 35em; margin: 0 auto;
font-family: Tahoma, Verdana, Arial, sans-serif; }
</style>
</head>
<body>
<h1>An error occurred.</h1>
<p>Sorry, the page you are looking for is currently unavailable.<br/>
Please try again later.</p>
<p>If you are the system administrator of this resource then you should check
the error log for details.</p>
<p><em>Faithfully yours, nginx.</em></p>
</body>
</html>

12272 - 2024-04-03 00:00:23 - Subscriber_logmode.py - 83 - INFO: - <!DOCTYPE html>
<html>
<head>
<title>Error</title>
<style>
html { color-scheme: light dark; }
body { width: 35em; margin: 0 auto;
font-family: Tahoma, Verdana, Arial, sans-serif; }
</style>
</head>
<body>
<h1>An error occurred.</h1>
<p>Sorry, the page you are looking for is currently unavailable.<br/>
Please try again later.</p>
<p>If you are the system administrator of this resource then you should check
the error log for details.</p>
<p><em>Faithfully yours, nginx.</em></p>
</body>
</html>

12272 - 2024-04-03 00:00:24 - Subscriber_logmode.py - 83 - INFO: - <!DOCTYPE html>
<html>
<head>
<title>Error</title>
<style>
html { color-scheme: light dark; }
body { width: 35em; margin: 0 auto;
font-family: Tahoma, Verdana, Arial, sans-serif; }
</style>
</head>
<body>
<h1>An error occurred.</h1>
<p>Sorry, the page you are looking for is currently unavailable.<br/>
Please try again later.</p>
<p>If you are the system administrator of this resource then you should check
the error log for details.</p>
<p><em>Faithfully yours, nginx.</em></p>
</body>
</html>

12272 - 2024-04-03 00:00:24 - Subscriber_logmode.py - 83 - INFO: - <!DOCTYPE html>
<html>
<head>
<title>Error</title>
<style>
html { color-scheme: light dark; }
body { width: 35em; margin: 0 auto;
font-family: Tahoma, Verdana, Arial, sans-serif; }
</style>
</head>
<body>
<h1>An error occurred.</h1>
<p>Sorry, the page you are looking for is currently unavailable.<br/>
Please try again later.</p>
<p>If you are the system administrator of this resource then you should check
the error log for details.</p>
<p><em>Faithfully yours, nginx.</em></p>
</body>
</html>

12272 - 2024-04-03 00:00:24 - Subscriber_logmode.py - 83 - INFO: - <!DOCTYPE html>
<html>
<head>
<title>Error</title>
<style>
html { color-scheme: light dark; }
body { width: 35em; margin: 0 auto;
font-family: Tahoma, Verdana, Arial, sans-serif; }
</style>
</head>
<body>
<h1>An error occurred.</h1>
<p>Sorry, the page you are looking for is currently unavailable.<br/>
Please try again later.</p>
<p>If you are the system administrator of this resource then you should check
the error log for details.</p>
<p><em>Faithfully yours, nginx.</em></p>
</body>
</html>

12272 - 2024-04-03 00:00:24 - Subscriber_logmode.py - 83 - INFO: - <!DOCTYPE html>
<html>
<head>
<title>Error</title>
<style>
html { color-scheme: light dark; }
body { width: 35em; margin: 0 auto;
font-family: Tahoma, Verdana, Arial, sans-serif; }
</style>
</head>
<body>
<h1>An error occurred.</h1>
<p>Sorry, the page you are looking for is currently unavailable.<br/>
Please try again later.</p>
<p>If you are the system administrator of this resource then you should check
the error log for details.</p>
<p><em>Faithfully yours, nginx.</em></p>
</body>
</html>

12272 - 2024-04-03 00:00:24 - Subscriber_logmode.py - 83 - INFO: - <!DOCTYPE html>
<html>
<head>
<title>Error</title>
<style>
html { color-scheme: light dark; }
body { width: 35em; margin: 0 auto;
font-family: Tahoma, Verdana, Arial, sans-serif; }
</style>
</head>
<body>
<h1>An error occurred.</h1>
<p>Sorry, the page you are looking for is currently unavailable.<br/>
Please try again later.</p>
<p>If you are the system administrator of this resource then you should check
the error log for details.</p>
<p><em>Faithfully yours, nginx.</em></p>
</body>
</html>

12272 - 2024-04-03 00:00:24 - Subscriber_logmode.py - 83 - INFO: - <!DOCTYPE html>
<html>
<head>
<title>Error</title>
<style>
html { color-scheme: light dark; }
body { width: 35em; margin: 0 auto;
font-family: Tahoma, Verdana, Arial, sans-serif; }
</style>
</head>
<body>
<h1>An error occurred.</h1>
<p>Sorry, the page you are looking for is currently unavailable.<br/>
Please try again later.</p>
<p>If you are the system administrator of this resource then you should check
the error log for details.</p>
<p><em>Faithfully yours, nginx.</em></p>
</body>
</html>

12272 - 2024-04-03 00:00:24 - Subscriber_logmode.py - 83 - INFO: - <!DOCTYPE html>
<html>
<head>
<title>Error</title>
<style>
html { color-scheme: light dark; }
body { width: 35em; margin: 0 auto;
font-family: Tahoma, Verdana, Arial, sans-serif; }
</style>
</head>
<body>
<h1>An error occurred.</h1>
<p>Sorry, the page you are looking for is currently unavailable.<br/>
Please try again later.</p>
<p>If you are the system administrator of this resource then you should check
the error log for details.</p>
<p><em>Faithfully yours, nginx.</em></p>
</body>
</html>

12272 - 2024-04-03 00:00:24 - Subscriber_logmode.py - 83 - INFO: - <!DOCTYPE html>
<html>
<head>
<title>Error</title>
<style>
html { color-scheme: light dark; }
body { width: 35em; margin: 0 auto;
font-family: Tahoma, Verdana, Arial, sans-serif; }
</style>
</head>
<body>
<h1>An error occurred.</h1>
<p>Sorry, the page you are looking for is currently unavailable.<br/>
Please try again later.</p>
<p>If you are the system administrator of this resource then you should check
the error log for details.</p>
<p><em>Faithfully yours, nginx.</em></p>
</body>
</html>

12272 - 2024-04-03 00:00:24 - Subscriber_logmode.py - 83 - INFO: - <!DOCTYPE html>
<html>
<head>
<title>Error</title>
<style>
html { color-scheme: light dark; }
body { width: 35em; margin: 0 auto;
font-family: Tahoma, Verdana, Arial, sans-serif; }
</style>
</head>
<body>
<h1>An error occurred.</h1>
<p>Sorry, the page you are looking for is currently unavailable.<br/>
Please try again later.</p>
<p>If you are the system administrator of this resource then you should check
the error log for details.</p>
<p><em>Faithfully yours, nginx.</em></p>
</body>
</html>

12272 - 2024-04-03 00:00:24 - Subscriber_logmode.py - 83 - INFO: - <!DOCTYPE html>
<html>
<head>
<title>Error</title>
<style>
html { color-scheme: light dark; }
body { width: 35em; margin: 0 auto;
font-family: Tahoma, Verdana, Arial, sans-serif; }
</style>
</head>
<body>
<h1>An error occurred.</h1>
<p>Sorry, the page you are looking for is currently unavailable.<br/>
Please try again later.</p>
<p>If you are the system administrator of this resource then you should check
the error log for details.</p>
<p><em>Faithfully yours, nginx.</em></p>
</body>
</html>

12272 - 2024-04-03 00:00:24 - Subscriber_logmode.py - 83 - INFO: - <!DOCTYPE html>
<html>
<head>
<title>Error</title>
<style>
html { color-scheme: light dark; }
body { width: 35em; margin: 0 auto;
font-family: Tahoma, Verdana, Arial, sans-serif; }
</style>
</head>
<body>
<h1>An error occurred.</h1>
<p>Sorry, the page you are looking for is currently unavailable.<br/>
Please try again later.</p>
<p>If you are the system administrator of this resource then you should check
the error log for details.</p>
<p><em>Faithfully yours, nginx.</em></p>
</body>
</html>

12272 - 2024-04-03 00:00:24 - Subscriber_logmode.py - 83 - INFO: - <!DOCTYPE html>
<html>
<head>
<title>Error</title>
<style>
html { color-scheme: light dark; }
body { width: 35em; margin: 0 auto;
font-family: Tahoma, Verdana, Arial, sans-serif; }
</style>
</head>
<body>
<h1>An error occurred.</h1>
<p>Sorry, the page you are looking for is currently unavailable.<br/>
Please try again later.</p>
<p>If you are the system administrator of this resource then you should check
the error log for details.</p>
<p><em>Faithfully yours, nginx.</em></p>
</body>
</html>

12272 - 2024-04-03 00:00:24 - Subscriber_logmode.py - 83 - INFO: - <!DOCTYPE html>
<html>
<head>
<title>Error</title>
<style>
html { color-scheme: light dark; }
body { width: 35em; margin: 0 auto;
font-family: Tahoma, Verdana, Arial, sans-serif; }
</style>
</head>
<body>
<h1>An error occurred.</h1>
<p>Sorry, the page you are looking for is currently unavailable.<br/>
Please try again later.</p>
<p>If you are the system administrator of this resource then you should check
the error log for details.</p>
<p><em>Faithfully yours, nginx.</em></p>
</body>
</html>

12272 - 2024-04-03 00:00:24 - Subscriber_logmode.py - 83 - INFO: - <!DOCTYPE html>
<html>
<head>
<title>Error</title>
<style>
html { color-scheme: light dark; }
body { width: 35em; margin: 0 auto;
font-family: Tahoma, Verdana, Arial, sans-serif; }
</style>
</head>
<body>
<h1>An error occurred.</h1>
<p>Sorry, the page you are looking for is currently unavailable.<br/>
Please try again later.</p>
<p>If you are the system administrator of this resource then you should check
the error log for details.</p>
<p><em>Faithfully yours, nginx.</em></p>
</body>
</html>

12272 - 2024-04-03 00:00:24 - Subscriber_logmode.py - 83 - INFO: - <!DOCTYPE html>
<html>
<head>
<title>Error</title>
<style>
html { color-scheme: light dark; }
body { width: 35em; margin: 0 auto;
font-family: Tahoma, Verdana, Arial, sans-serif; }
</style>
</head>
<body>
<h1>An error occurred.</h1>
<p>Sorry, the page you are looking for is currently unavailable.<br/>
Please try again later.</p>
<p>If you are the system administrator of this resource then you should check
the error log for details.</p>
<p><em>Faithfully yours, nginx.</em></p>
</body>
</html>

12272 - 2024-04-03 00:00:24 - Subscriber_logmode.py - 83 - INFO: - <!DOCTYPE html>
<html>
<head>
<title>Error</title>
<style>
html { color-scheme: light dark; }
body { width: 35em; margin: 0 auto;
font-family: Tahoma, Verdana, Arial, sans-serif; }
</style>
</head>
<body>
<h1>An error occurred.</h1>
<p>Sorry, the page you are looking for is currently unavailable.<br/>
Please try again later.</p>
<p>If you are the system administrator of this resource then you should check
the error log for details.</p>
<p><em>Faithfully yours, nginx.</em></p>
</body>
</html>

12272 - 2024-04-03 00:00:24 - Subscriber_logmode.py - 83 - INFO: - <!DOCTYPE html>
<html>
<head>
<title>Error</title>
<style>
html { color-scheme: light dark; }
body { width: 35em; margin: 0 auto;
font-family: Tahoma, Verdana, Arial, sans-serif; }
</style>
</head>
<body>
<h1>An error occurred.</h1>
<p>Sorry, the page you are looking for is currently unavailable.<br/>
Please try again later.</p>
<p>If you are the system administrator of this resource then you should check
the error log for details.</p>
<p><em>Faithfully yours, nginx.</em></p>
</body>
</html>

12272 - 2024-04-03 00:00:24 - Subscriber_logmode.py - 83 - INFO: - <!DOCTYPE html>
<html>
<head>
<title>Error</title>
<style>
html { color-scheme: light dark; }
body { width: 35em; margin: 0 auto;
font-family: Tahoma, Verdana, Arial, sans-serif; }
</style>
</head>
<body>
<h1>An error occurred.</h1>
<p>Sorry, the page you are looking for is currently unavailable.<br/>
Please try again later.</p>
<p>If you are the system administrator of this resource then you should check
the error log for details.</p>
<p><em>Faithfully yours, nginx.</em></p>
</body>
</html>

12272 - 2024-04-03 00:00:24 - Subscriber_logmode.py - 83 - INFO: - <!DOCTYPE html>
<html>
<head>
<title>Error</title>
<style>
html { color-scheme: light dark; }
body { width: 35em; margin: 0 auto;
font-family: Tahoma, Verdana, Arial, sans-serif; }
</style>
</head>
<body>
<h1>An error occurred.</h1>
<p>Sorry, the page you are looking for is currently unavailable.<br/>
Please try again later.</p>
<p>If you are the system administrator of this resource then you should check
the error log for details.</p>
<p><em>Faithfully yours, nginx.</em></p>
</body>
</html>

12272 - 2024-04-03 00:00:24 - Subscriber_logmode.py - 83 - INFO: - <!DOCTYPE html>
<html>
<head>
<title>Error</title>
<style>
html { color-scheme: light dark; }
body { width: 35em; margin: 0 auto;
font-family: Tahoma, Verdana, Arial, sans-serif; }
</style>
</head>
<body>
<h1>An error occurred.</h1>
<p>Sorry, the page you are looking for is currently unavailable.<br/>
Please try again later.</p>
<p>If you are the system administrator of this resource then you should check
the error log for details.</p>
<p><em>Faithfully yours, nginx.</em></p>
</body>
</html>

12272 - 2024-04-03 00:00:25 - Subscriber_logmode.py - 83 - INFO: - <!DOCTYPE html>
<html>
<head>
<title>Error</title>
<style>
html { color-scheme: light dark; }
body { width: 35em; margin: 0 auto;
font-family: Tahoma, Verdana, Arial, sans-serif; }
</style>
</head>
<body>
<h1>An error occurred.</h1>
<p>Sorry, the page you are looking for is currently unavailable.<br/>
Please try again later.</p>
<p>If you are the system administrator of this resource then you should check
the error log for details.</p>
<p><em>Faithfully yours, nginx.</em></p>
</body>
</html>

12272 - 2024-04-03 00:00:25 - Subscriber_logmode.py - 83 - INFO: - <!DOCTYPE html>
<html>
<head>
<title>Error</title>
<style>
html { color-scheme: light dark; }
body { width: 35em; margin: 0 auto;
font-family: Tahoma, Verdana, Arial, sans-serif; }
</style>
</head>
<body>
<h1>An error occurred.</h1>
<p>Sorry, the page you are looking for is currently unavailable.<br/>
Please try again later.</p>
<p>If you are the system administrator of this resource then you should check
the error log for details.</p>
<p><em>Faithfully yours, nginx.</em></p>
</body>
</html>

12272 - 2024-04-03 00:00:25 - Subscriber_logmode.py - 83 - INFO: - <!DOCTYPE html>
<html>
<head>
<title>Error</title>
<style>
html { color-scheme: light dark; }
body { width: 35em; margin: 0 auto;
font-family: Tahoma, Verdana, Arial, sans-serif; }
</style>
</head>
<body>
<h1>An error occurred.</h1>
<p>Sorry, the page you are looking for is currently unavailable.<br/>
Please try again later.</p>
<p>If you are the system administrator of this resource then you should check
the error log for details.</p>
<p><em>Faithfully yours, nginx.</em></p>
</body>
</html>

12272 - 2024-04-03 00:00:25 - Subscriber_logmode.py - 83 - INFO: - <!DOCTYPE html>
<html>
<head>
<title>Error</title>
<style>
html { color-scheme: light dark; }
body { width: 35em; margin: 0 auto;
font-family: Tahoma, Verdana, Arial, sans-serif; }
</style>
</head>
<body>
<h1>An error occurred.</h1>
<p>Sorry, the page you are looking for is currently unavailable.<br/>
Please try again later.</p>
<p>If you are the system administrator of this resource then you should check
the error log for details.</p>
<p><em>Faithfully yours, nginx.</em></p>
</body>
</html>

12272 - 2024-04-03 00:00:25 - Subscriber_logmode.py - 83 - INFO: - <!DOCTYPE html>
<html>
<head>
<title>Error</title>
<style>
html { color-scheme: light dark; }
body { width: 35em; margin: 0 auto;
font-family: Tahoma, Verdana, Arial, sans-serif; }
</style>
</head>
<body>
<h1>An error occurred.</h1>
<p>Sorry, the page you are looking for is currently unavailable.<br/>
Please try again later.</p>
<p>If you are the system administrator of this resource then you should check
the error log for details.</p>
<p><em>Faithfully yours, nginx.</em></p>
</body>
</html>

12272 - 2024-04-03 00:00:25 - Subscriber_logmode.py - 83 - INFO: - <!DOCTYPE html>
<html>
<head>
<title>Error</title>
<style>
html { color-scheme: light dark; }
body { width: 35em; margin: 0 auto;
font-family: Tahoma, Verdana, Arial, sans-serif; }
</style>
</head>
<body>
<h1>An error occurred.</h1>
<p>Sorry, the page you are looking for is currently unavailable.<br/>
Please try again later.</p>
<p>If you are the system administrator of this resource then you should check
the error log for details.</p>
<p><em>Faithfully yours, nginx.</em></p>
</body>
</html>

12272 - 2024-04-03 00:00:25 - Subscriber_logmode.py - 83 - INFO: - <!DOCTYPE html>
<html>
<head>
<title>Error</title>
<style>
html { color-scheme: light dark; }
body { width: 35em; margin: 0 auto;
font-family: Tahoma, Verdana, Arial, sans-serif; }
</style>
</head>
<body>
<h1>An error occurred.</h1>
<p>Sorry, the page you are looking for is currently unavailable.<br/>
Please try again later.</p>
<p>If you are the system administrator of this resource then you should check
the error log for details.</p>
<p><em>Faithfully yours, nginx.</em></p>
</body>
</html>

12272 - 2024-04-03 00:00:25 - Subscriber_logmode.py - 83 - INFO: - <!DOCTYPE html>
<html>
<head>
<title>Error</title>
<style>
html { color-scheme: light dark; }
body { width: 35em; margin: 0 auto;
font-family: Tahoma, Verdana, Arial, sans-serif; }
</style>
</head>
<body>
<h1>An error occurred.</h1>
<p>Sorry, the page you are looking for is currently unavailable.<br/>
Please try again later.</p>
<p>If you are the system administrator of this resource then you should check
the error log for details.</p>
<p><em>Faithfully yours, nginx.</em></p>
</body>
</html>

12272 - 2024-04-03 00:00:25 - Subscriber_logmode.py - 83 - INFO: - <!DOCTYPE html>
<html>
<head>
<title>Error</title>
<style>
html { color-scheme: light dark; }
body { width: 35em; margin: 0 auto;
font-family: Tahoma, Verdana, Arial, sans-serif; }
</style>
</head>
<body>
<h1>An error occurred.</h1>
<p>Sorry, the page you are looking for is currently unavailable.<br/>
Please try again later.</p>
<p>If you are the system administrator of this resource then you should check
the error log for details.</p>
<p><em>Faithfully yours, nginx.</em></p>
</body>
</html>

12272 - 2024-04-03 00:00:25 - Subscriber_logmode.py - 83 - INFO: - <!DOCTYPE html>
<html>
<head>
<title>Error</title>
<style>
html { color-scheme: light dark; }
body { width: 35em; margin: 0 auto;
font-family: Tahoma, Verdana, Arial, sans-serif; }
</style>
</head>
<body>
<h1>An error occurred.</h1>
<p>Sorry, the page you are looking for is currently unavailable.<br/>
Please try again later.</p>
<p>If you are the system administrator of this resource then you should check
the error log for details.</p>
<p><em>Faithfully yours, nginx.</em></p>
</body>
</html>

12272 - 2024-04-03 00:00:25 - Subscriber_logmode.py - 83 - INFO: - <!DOCTYPE html>
<html>
<head>
<title>Error</title>
<style>
html { color-scheme: light dark; }
body { width: 35em; margin: 0 auto;
font-family: Tahoma, Verdana, Arial, sans-serif; }
</style>
</head>
<body>
<h1>An error occurred.</h1>
<p>Sorry, the page you are looking for is currently unavailable.<br/>
Please try again later.</p>
<p>If you are the system administrator of this resource then you should check
the error log for details.</p>
<p><em>Faithfully yours, nginx.</em></p>
</body>
</html>

12272 - 2024-04-03 00:00:25 - Subscriber_logmode.py - 83 - INFO: - <!DOCTYPE html>
<html>
<head>
<title>Error</title>
<style>
html { color-scheme: light dark; }
body { width: 35em; margin: 0 auto;
font-family: Tahoma, Verdana, Arial, sans-serif; }
</style>
</head>
<body>
<h1>An error occurred.</h1>
<p>Sorry, the page you are looking for is currently unavailable.<br/>
Please try again later.</p>
<p>If you are the system administrator of this resource then you should check
the error log for details.</p>
<p><em>Faithfully yours, nginx.</em></p>
</body>
</html>

12272 - 2024-04-03 00:00:25 - Subscriber_logmode.py - 83 - INFO: - <!DOCTYPE html>
<html>
<head>
<title>Error</title>
<style>
html { color-scheme: light dark; }
body { width: 35em; margin: 0 auto;
font-family: Tahoma, Verdana, Arial, sans-serif; }
</style>
</head>
<body>
<h1>An error occurred.</h1>
<p>Sorry, the page you are looking for is currently unavailable.<br/>
Please try again later.</p>
<p>If you are the system administrator of this resource then you should check
the error log for details.</p>
<p><em>Faithfully yours, nginx.</em></p>
</body>
</html>

12272 - 2024-04-03 00:00:25 - Subscriber_logmode.py - 83 - INFO: - <!DOCTYPE html>
<html>
<head>
<title>Error</title>
<style>
html { color-scheme: light dark; }
body { width: 35em; margin: 0 auto;
font-family: Tahoma, Verdana, Arial, sans-serif; }
</style>
</head>
<body>
<h1>An error occurred.</h1>
<p>Sorry, the page you are looking for is currently unavailable.<br/>
Please try again later.</p>
<p>If you are the system administrator of this resource then you should check
the error log for details.</p>
<p><em>Faithfully yours, nginx.</em></p>
</body>
</html>

12272 - 2024-04-03 00:00:25 - Subscriber_logmode.py - 83 - INFO: - <!DOCTYPE html>
<html>
<head>
<title>Error</title>
<style>
html { color-scheme: light dark; }
body { width: 35em; margin: 0 auto;
font-family: Tahoma, Verdana, Arial, sans-serif; }
</style>
</head>
<body>
<h1>An error occurred.</h1>
<p>Sorry, the page you are looking for is currently unavailable.<br/>
Please try again later.</p>
<p>If you are the system administrator of this resource then you should check
the error log for details.</p>
<p><em>Faithfully yours, nginx.</em></p>
</body>
</html>

12272 - 2024-04-03 00:00:25 - Subscriber_logmode.py - 83 - INFO: - <!DOCTYPE html>
<html>
<head>
<title>Error</title>
<style>
html { color-scheme: light dark; }
body { width: 35em; margin: 0 auto;
font-family: Tahoma, Verdana, Arial, sans-serif; }
</style>
</head>
<body>
<h1>An error occurred.</h1>
<p>Sorry, the page you are looking for is currently unavailable.<br/>
Please try again later.</p>
<p>If you are the system administrator of this resource then you should check
the error log for details.</p>
<p><em>Faithfully yours, nginx.</em></p>
</body>
</html>

12272 - 2024-04-03 00:00:25 - Subscriber_logmode.py - 83 - INFO: - <!DOCTYPE html>
<html>
<head>
<title>Error</title>
<style>
html { color-scheme: light dark; }
body { width: 35em; margin: 0 auto;
font-family: Tahoma, Verdana, Arial, sans-serif; }
</style>
</head>
<body>
<h1>An error occurred.</h1>
<p>Sorry, the page you are looking for is currently unavailable.<br/>
Please try again later.</p>
<p>If you are the system administrator of this resource then you should check
the error log for details.</p>
<p><em>Faithfully yours, nginx.</em></p>
</body>
</html>

12272 - 2024-04-03 00:00:25 - Subscriber_logmode.py - 83 - INFO: - <!DOCTYPE html>
<html>
<head>
<title>Error</title>
<style>
html { color-scheme: light dark; }
body { width: 35em; margin: 0 auto;
font-family: Tahoma, Verdana, Arial, sans-serif; }
</style>
</head>
<body>
<h1>An error occurred.</h1>
<p>Sorry, the page you are looking for is currently unavailable.<br/>
Please try again later.</p>
<p>If you are the system administrator of this resource then you should check
the error log for details.</p>
<p><em>Faithfully yours, nginx.</em></p>
</body>
</html>

12272 - 2024-04-03 00:00:25 - Subscriber_logmode.py - 83 - INFO: - <!DOCTYPE html>
<html>
<head>
<title>Error</title>
<style>
html { color-scheme: light dark; }
body { width: 35em; margin: 0 auto;
font-family: Tahoma, Verdana, Arial, sans-serif; }
</style>
</head>
<body>
<h1>An error occurred.</h1>
<p>Sorry, the page you are looking for is currently unavailable.<br/>
Please try again later.</p>
<p>If you are the system administrator of this resource then you should check
the error log for details.</p>
<p><em>Faithfully yours, nginx.</em></p>
</body>
</html>

12272 - 2024-04-03 00:00:25 - Subscriber_logmode.py - 83 - INFO: - <!DOCTYPE html>
<html>
<head>
<title>Error</title>
<style>
html { color-scheme: light dark; }
body { width: 35em; margin: 0 auto;
font-family: Tahoma, Verdana, Arial, sans-serif; }
</style>
</head>
<body>
<h1>An error occurred.</h1>
<p>Sorry, the page you are looking for is currently unavailable.<br/>
Please try again later.</p>
<p>If you are the system administrator of this resource then you should check
the error log for details.</p>
<p><em>Faithfully yours, nginx.</em></p>
</body>
</html>

12272 - 2024-04-03 00:00:25 - Subscriber_logmode.py - 83 - INFO: - <!DOCTYPE html>
<html>
<head>
<title>Error</title>
<style>
html { color-scheme: light dark; }
body { width: 35em; margin: 0 auto;
font-family: Tahoma, Verdana, Arial, sans-serif; }
</style>
</head>
<body>
<h1>An error occurred.</h1>
<p>Sorry, the page you are looking for is currently unavailable.<br/>
Please try again later.</p>
<p>If you are the system administrator of this resource then you should check
the error log for details.</p>
<p><em>Faithfully yours, nginx.</em></p>
</body>
</html>

12272 - 2024-04-03 00:00:25 - Subscriber_logmode.py - 83 - INFO: - <!DOCTYPE html>
<html>
<head>
<title>Error</title>
<style>
html { color-scheme: light dark; }
body { width: 35em; margin: 0 auto;
font-family: Tahoma, Verdana, Arial, sans-serif; }
</style>
</head>
<body>
<h1>An error occurred.</h1>
<p>Sorry, the page you are looking for is currently unavailable.<br/>
Please try again later.</p>
<p>If you are the system administrator of this resource then you should check
the error log for details.</p>
<p><em>Faithfully yours, nginx.</em></p>
</body>
</html>

12272 - 2024-04-03 00:00:25 - Subscriber_logmode.py - 83 - INFO: - <!DOCTYPE html>
<html>
<head>
<title>Error</title>
<style>
html { color-scheme: light dark; }
body { width: 35em; margin: 0 auto;
font-family: Tahoma, Verdana, Arial, sans-serif; }
</style>
</head>
<body>
<h1>An error occurred.</h1>
<p>Sorry, the page you are looking for is currently unavailable.<br/>
Please try again later.</p>
<p>If you are the system administrator of this resource then you should check
the error log for details.</p>
<p><em>Faithfully yours, nginx.</em></p>
</body>
</html>

12272 - 2024-04-03 00:00:25 - Subscriber_logmode.py - 83 - INFO: - <!DOCTYPE html>
<html>
<head>
<title>Error</title>
<style>
html { color-scheme: light dark; }
body { width: 35em; margin: 0 auto;
font-family: Tahoma, Verdana, Arial, sans-serif; }
</style>
</head>
<body>
<h1>An error occurred.</h1>
<p>Sorry, the page you are looking for is currently unavailable.<br/>
Please try again later.</p>
<p>If you are the system administrator of this resource then you should check
the error log for details.</p>
<p><em>Faithfully yours, nginx.</em></p>
</body>
</html>

12272 - 2024-04-03 00:00:25 - Subscriber_logmode.py - 83 - INFO: - <!DOCTYPE html>
<html>
<head>
<title>Error</title>
<style>
html { color-scheme: light dark; }
body { width: 35em; margin: 0 auto;
font-family: Tahoma, Verdana, Arial, sans-serif; }
</style>
</head>
<body>
<h1>An error occurred.</h1>
<p>Sorry, the page you are looking for is currently unavailable.<br/>
Please try again later.</p>
<p>If you are the system administrator of this resource then you should check
the error log for details.</p>
<p><em>Faithfully yours, nginx.</em></p>
</body>
</html>

